2024-01-17 15:29:13,398 [INFO] Activator:176 - 


2024-01-17 15:29:13,405 [INFO] Activator:177 - !SESSION log4j initialized
2024-01-17 15:29:24,247 [INFO] LogOutputStream:77 - [STDOUT_REDIRECT] 
2024-01-17 15:29:26,920 [INFO] ApplicationProperties:184 - Using Application install path: /opt/st/stm32cubeide_1.13.2/plugins/com.st.stm32cube.common.mx_6.9.2.202309101412
2024-01-17 15:29:26,977 [INFO] DbMcusXml:78 - Set database path to: /opt/st/stm32cubeide_1.13.2/plugins/com.st.stm32cube.common.mx_6.9.2.202309101412//db//mcu/
2024-01-17 15:29:26,978 [INFO] ApiDb:274 - Set plugin database path to: /opt/st/stm32cubeide_1.13.2/plugins/com.st.stm32cube.common.mx_6.9.2.202309101412//db//plugins/boardmanager/
2024-01-17 15:29:26,978 [WARN] ApiDb:259 - Overriding images path with different value:  => /opt/st/stm32cubeide_1.13.2/plugins/com.st.stm32cube.common.mx_6.9.2.202309101412//db//plugins/mcufinder/images/
2024-01-17 15:29:27,067 [INFO] ApiDb:250 - Set database path to: /home/surya/.stmcufinder/plugins/mcufinder//mcu/
2024-01-17 15:29:27,069 [INFO] DbMcusAds:125 - Set database path to: /home/surya/.stmcufinder/plugins/mcufinder//mcu/
2024-01-17 15:29:27,075 [INFO] CrossReferenceDbSqlite:203 - Set database path to: /home/surya/.stmcufinder/plugins/mcufinder//mcu/cs/
2024-01-17 15:29:27,299 [INFO] RulesReader:64 - Compatibility file has been processed (293 Rules)
2024-01-17 15:29:27,494 [INFO] DbMcusXml:78 - Set database path to: /opt/st/stm32cubeide_1.13.2/plugins/com.st.stm32cube.common.mx_6.9.2.202309101412//db//mcu/
2024-01-17 15:29:27,494 [INFO] ApiDb:274 - Set plugin database path to: /opt/st/stm32cubeide_1.13.2/plugins/com.st.stm32cube.common.mx_6.9.2.202309101412//db//plugins/boardmanager/
2024-01-17 15:29:27,494 [INFO] ApiDb:261 - Set plugin images path to: /opt/st/stm32cubeide_1.13.2/plugins/com.st.stm32cube.common.mx_6.9.2.202309101412//db//plugins/mcufinder/images/
2024-01-17 15:29:27,495 [WARN] DbFile:41 - Overriding database path with different value: /home/surya/.stmcufinder/plugins/mcufinder/ => /home/surya/.stmcufinder/plugins/mcufinder
2024-01-17 15:29:27,495 [INFO] ApiDb:250 - Set database path to: /home/surya/.stmcufinder/plugins/mcufinder//mcu/
2024-01-17 15:29:27,495 [WARN] DbFile:41 - Overriding database path with different value: /home/surya/.stmcufinder/plugins/mcufinder/ => /home/surya/.stmcufinder/plugins/mcufinder
2024-01-17 15:29:27,495 [INFO] DbMcusAds:125 - Set database path to: /home/surya/.stmcufinder/plugins/mcufinder//mcu/
2024-01-17 15:29:27,495 [WARN] DbFile:41 - Overriding database path with different value: /home/surya/.stmcufinder/plugins/mcufinder/ => /home/surya/.stmcufinder/plugins/mcufinder
2024-01-17 15:29:27,495 [WARN] DbFile:41 - Overriding database path with different value: /home/surya/.stmcufinder/plugins/mcufinder/ => /home/surya/.stmcufinder/plugins/mcufinder
2024-01-17 15:29:27,495 [INFO] CrossReferenceDbSqlite:203 - Set database path to: /home/surya/.stmcufinder/plugins/mcufinder//mcu/cs/
2024-01-17 15:29:27,628 [INFO] MainPanel:262 - HeapMemory: 268435456
2024-01-17 15:29:27,857 [INFO] DbMcusXml:78 - Set database path to: /opt/st/stm32cubeide_1.13.2/plugins/com.st.stm32cube.common.mx_6.9.2.202309101412//db//mcu/
2024-01-17 15:29:27,857 [INFO] ApiDb:274 - Set plugin database path to: /opt/st/stm32cubeide_1.13.2/plugins/com.st.stm32cube.common.mx_6.9.2.202309101412//db//plugins/boardmanager/
2024-01-17 15:29:27,857 [INFO] ApiDb:261 - Set plugin images path to: /opt/st/stm32cubeide_1.13.2/plugins/com.st.stm32cube.common.mx_6.9.2.202309101412//db//plugins/mcufinder/images/
2024-01-17 15:29:27,857 [WARN] DbFile:41 - Overriding database path with different value: /home/surya/.stmcufinder/plugins/mcufinder/ => /home/surya/.stmcufinder/plugins/mcufinder
2024-01-17 15:29:27,858 [INFO] ApiDb:250 - Set database path to: /home/surya/.stmcufinder/plugins/mcufinder//mcu/
2024-01-17 15:29:27,858 [WARN] DbFile:41 - Overriding database path with different value: /home/surya/.stmcufinder/plugins/mcufinder/ => /home/surya/.stmcufinder/plugins/mcufinder
2024-01-17 15:29:27,858 [INFO] DbMcusAds:125 - Set database path to: /home/surya/.stmcufinder/plugins/mcufinder//mcu/
2024-01-17 15:29:27,858 [WARN] DbFile:41 - Overriding database path with different value: /home/surya/.stmcufinder/plugins/mcufinder/ => /home/surya/.stmcufinder/plugins/mcufinder
2024-01-17 15:29:27,858 [WARN] DbFile:41 - Overriding database path with different value: /home/surya/.stmcufinder/plugins/mcufinder/ => /home/surya/.stmcufinder/plugins/mcufinder
2024-01-17 15:29:27,858 [INFO] CrossReferenceDbSqlite:203 - Set database path to: /home/surya/.stmcufinder/plugins/mcufinder//mcu/cs/
2024-01-17 15:29:27,879 [INFO] ApplicationProperties:184 - Using Application install path: /opt/st/stm32cubeide_1.13.2/plugins/com.st.stm32cube.common.mx_6.9.2.202309101412
2024-01-17 15:29:27,881 [INFO] PluginManage:196 - Search for loadable plugins [exclusion list=, ]
2024-01-17 15:29:27,892 [INFO] PluginManage:310 - Check plugin analytics
2024-01-17 15:29:28,168 [INFO] AnalyticsPlugin:253 - Accepted Software Licenses: 
2024-01-17 15:29:28,169 [INFO] AnalyticsPlugin:255 - Accepted CMSIS Pack Licenses: 
2024-01-17 15:29:28,169 [INFO] AnalyticsPlugin:257 - Accepted Firmware Licenses: FW.F4.1.27.0
2024-01-17 15:29:28,173 [INFO] PluginManage:359 - Loaded plugin analytics (category:tool,tabindex:-1)
2024-01-17 15:29:28,174 [INFO] PluginManage:310 - Check plugin cadmodel
2024-01-17 15:29:28,331 [INFO] CADModel:105 - Init CAD model plugin
2024-01-17 15:29:28,332 [INFO] PluginManage:359 - Loaded plugin cadmodel (category:power,tabindex:5)
2024-01-17 15:29:28,332 [INFO] PluginManage:310 - Check plugin clock
2024-01-17 15:29:28,365 [INFO] PluginManage:359 - Loaded plugin clock (category:base,tabindex:2)
2024-01-17 15:29:28,365 [INFO] PluginManage:310 - Check plugin ddr
2024-01-17 15:29:28,401 [INFO] PluginManage:359 - Loaded plugin ddr (category:tool,tabindex:6)
2024-01-17 15:29:28,401 [INFO] PluginManage:310 - Check plugin filemanager
2024-01-17 15:29:28,767 [INFO] PluginManage:359 - Loaded plugin filemanager (category:base,tabindex:10)
2024-01-17 15:29:28,768 [INFO] PluginManage:310 - Check plugin ipmanager
2024-01-17 15:29:28,803 [INFO] PluginManage:359 - Loaded plugin ipmanager (category:base,tabindex:5)
2024-01-17 15:29:28,804 [INFO] PluginManage:310 - Check plugin lpbam
2024-01-17 15:29:28,850 [INFO] PluginManage:359 - Loaded plugin lpbam (category:base,tabindex:0)
2024-01-17 15:29:28,851 [INFO] PluginManage:310 - Check plugin memorymap
2024-01-17 15:29:28,924 [INFO] PluginManage:359 - Loaded plugin memorymap (category:base,tabindex:4)
2024-01-17 15:29:28,925 [INFO] PluginManage:310 - Check plugin pinoutandconfiguration
2024-01-17 15:29:28,943 [INFO] PluginManage:359 - Loaded plugin pinoutandconfiguration (category:base,tabindex:1)
2024-01-17 15:29:28,944 [INFO] PluginManage:310 - Check plugin pinoutconfig
2024-01-17 15:29:29,150 [WARN] SupportedApi:132 - Cannot load RTOS API schema: s4s-elt-must-match.1: The content of 'definitions' must match (annotation?, (simpleType | complexType)?, (unique | key | keyref)*)). A problem was found starting at: attribute.
2024-01-17 15:29:29,295 [INFO] PluginManage:359 - Loaded plugin pinoutconfig (category:base,tabindex:0)
2024-01-17 15:29:29,295 [INFO] PluginManage:310 - Check plugin power
2024-01-17 15:29:29,375 [INFO] PluginManage:359 - Loaded plugin power (category:power,tabindex:4)
2024-01-17 15:29:29,375 [INFO] PluginManage:310 - Check plugin projectmanager
2024-01-17 15:29:29,410 [INFO] PluginManage:359 - Loaded plugin projectmanager (category:projectmanager,tabindex:3)
2024-01-17 15:29:29,410 [INFO] PluginManage:310 - Check plugin thirdparty
2024-01-17 15:29:29,618 [INFO] PluginManage:359 - Loaded plugin thirdparty (category:base,tabindex:-1)
2024-01-17 15:29:29,617 [WARN] IntegrityCheckThread:84 - waiting for thirdparty lock release [integrity check]
2024-01-17 15:29:29,618 [INFO] IntegrityCheckThread:86 - entering critical section [integrity check]
2024-01-17 15:29:29,618 [INFO] PluginManage:310 - Check plugin tools
2024-01-17 15:29:29,618 [INFO] ThirdPartyUpdaterWithRetryManager:70 - Updater plugin not ready yet. [1/15]
2024-01-17 15:29:29,636 [INFO] PluginManage:359 - Loaded plugin tools (category:base,tabindex:7)
2024-01-17 15:29:29,637 [INFO] PluginManage:310 - Check plugin tutovideos
2024-01-17 15:29:29,960 [INFO] PluginManage:359 - Loaded plugin tutovideos (category:base,tabindex:-1)
2024-01-17 15:29:29,960 [INFO] PluginManage:310 - Check plugin updater
2024-01-17 15:29:29,989 [INFO] PluginManage:359 - Loaded plugin updater (category:base,tabindex:12)
2024-01-17 15:29:29,989 [INFO] PluginManage:310 - Check plugin userauth
2024-01-17 15:29:29,995 [INFO] UserAuth:113 - Init User Auth plugin
2024-01-17 15:29:29,995 [INFO] PluginManage:359 - Loaded plugin userauth (category:base,tabindex:14)
2024-01-17 15:29:29,995 [INFO] PluginManage:283 - PluginManage : Loaded plugins [17]
2024-01-17 15:29:30,329 [INFO] PinOutPanel:1499 - setPackage(No Configuration,No Configuration)
2024-01-17 15:29:30,519 [INFO] CADModel:165 - CPN selected for project level
2024-01-17 15:29:30,520 [INFO] CADModel:114 - Register for checkConnection events
2024-01-17 15:29:30,547 [INFO] IPUIPlugin:80 - create IPUIPlugin
2024-01-17 15:29:30,548 [INFO] PluginManager:220 - loadIPPluginJar : add openamp
2024-01-17 15:29:30,554 [INFO] IPUIPlugin:80 - create IPUIPlugin
2024-01-17 15:29:30,555 [INFO] PluginManager:220 - loadIPPluginJar : add gfxmmu
2024-01-17 15:29:30,557 [INFO] IPUIPlugin:80 - create IPUIPlugin
2024-01-17 15:29:30,557 [INFO] PluginManager:220 - loadIPPluginJar : add i2s
2024-01-17 15:29:30,566 [INFO] IPUIPlugin:80 - create IPUIPlugin
2024-01-17 15:29:30,566 [INFO] PluginManager:220 - loadIPPluginJar : add nvic
2024-01-17 15:29:30,574 [INFO] IPUIPlugin:80 - create IPUIPlugin
2024-01-17 15:29:30,574 [INFO] PluginManager:220 - loadIPPluginJar : add aes
2024-01-17 15:29:30,577 [INFO] IPUIPlugin:80 - create IPUIPlugin
2024-01-17 15:29:30,577 [INFO] PluginManager:220 - loadIPPluginJar : add dfsdm
2024-01-17 15:29:30,584 [INFO] IPUIPlugin:80 - create IPUIPlugin
2024-01-17 15:29:30,587 [INFO] PluginManager:220 - loadIPPluginJar : add plateformsettings
2024-01-17 15:29:30,594 [INFO] IPUIPlugin:80 - create IPUIPlugin
2024-01-17 15:29:30,594 [INFO] PluginManager:220 - loadIPPluginJar : add mdma
2024-01-17 15:29:30,602 [INFO] IPUIPlugin:80 - create IPUIPlugin
2024-01-17 15:29:30,602 [INFO] PluginManager:220 - loadIPPluginJar : add linkedlist
2024-01-17 15:29:30,607 [INFO] IPUIPlugin:80 - create IPUIPlugin
2024-01-17 15:29:30,607 [INFO] PluginManager:220 - loadIPPluginJar : add ipddr
2024-01-17 15:29:30,608 [INFO] IPUIPlugin:80 - create IPUIPlugin
2024-01-17 15:29:30,608 [INFO] PluginManager:220 - loadIPPluginJar : add comp
2024-01-17 15:29:30,610 [INFO] IPUIPlugin:80 - create IPUIPlugin
2024-01-17 15:29:30,610 [INFO] PluginManager:220 - loadIPPluginJar : add ucpd
2024-01-17 15:29:30,613 [INFO] IPUIPlugin:80 - create IPUIPlugin
2024-01-17 15:29:30,613 [INFO] PluginManager:220 - loadIPPluginJar : add fatfs
2024-01-17 15:29:30,640 [INFO] IPUIPlugin:80 - create IPUIPlugin
2024-01-17 15:29:30,640 [INFO] PluginManager:220 - loadIPPluginJar : add resmgrutility
2024-01-17 15:29:30,643 [INFO] IPUIPlugin:80 - create IPUIPlugin
2024-01-17 15:29:30,643 [INFO] PluginManager:220 - loadIPPluginJar : add gtzc
2024-01-17 15:29:30,646 [INFO] IPUIPlugin:80 - create IPUIPlugin
2024-01-17 15:29:30,646 [INFO] PluginManager:220 - loadIPPluginJar : add spi
2024-01-17 15:29:30,647 [INFO] IPUIPlugin:80 - create IPUIPlugin
2024-01-17 15:29:30,647 [INFO] PluginManager:220 - loadIPPluginJar : add quadspi
2024-01-17 15:29:30,650 [INFO] IPUIPlugin:80 - create IPUIPlugin
2024-01-17 15:29:30,651 [INFO] PluginManager:220 - loadIPPluginJar : add i2c
2024-01-17 15:29:30,653 [INFO] IPUIPlugin:80 - create IPUIPlugin
2024-01-17 15:29:30,653 [INFO] PluginManager:220 - loadIPPluginJar : add pdm2pcm
2024-01-17 15:29:30,655 [INFO] IPUIPlugin:80 - create IPUIPlugin
2024-01-17 15:29:30,655 [INFO] PluginManager:220 - loadIPPluginJar : add hash
2024-01-17 15:29:30,662 [INFO] IPUIPlugin:80 - create IPUIPlugin
2024-01-17 15:29:30,662 [INFO] PluginManager:220 - loadIPPluginJar : add adc
2024-01-17 15:29:30,665 [INFO] IPUIPlugin:80 - create IPUIPlugin
2024-01-17 15:29:30,666 [INFO] PluginManager:220 - loadIPPluginJar : add usbx
2024-01-17 15:29:30,668 [INFO] IPUIPlugin:80 - create IPUIPlugin
2024-01-17 15:29:30,668 [INFO] PluginManager:220 - loadIPPluginJar : add cryp
2024-01-17 15:29:30,673 [INFO] IPUIPlugin:80 - create IPUIPlugin
2024-01-17 15:29:30,673 [INFO] PluginManager:220 - loadIPPluginJar : add fmc
2024-01-17 15:29:30,676 [INFO] IPUIPlugin:80 - create IPUIPlugin
2024-01-17 15:29:30,676 [INFO] PluginManager:220 - loadIPPluginJar : add usart
2024-01-17 15:29:30,679 [INFO] IPUIPlugin:80 - create IPUIPlugin
2024-01-17 15:29:30,679 [INFO] PluginManager:220 - loadIPPluginJar : add tracer_emb
2024-01-17 15:29:30,683 [INFO] IPUIPlugin:80 - create IPUIPlugin
2024-01-17 15:29:30,684 [INFO] PluginManager:220 - loadIPPluginJar : add gpio
2024-01-17 15:29:30,687 [INFO] IPUIPlugin:80 - create IPUIPlugin
2024-01-17 15:29:30,687 [INFO] PluginManager:220 - loadIPPluginJar : add dma3
2024-01-17 15:29:30,689 [INFO] IPUIPlugin:80 - create IPUIPlugin
2024-01-17 15:29:30,689 [INFO] PluginManager:220 - loadIPPluginJar : add ts
2024-01-17 15:29:30,692 [INFO] IPUIPlugin:80 - create IPUIPlugin
2024-01-17 15:29:30,692 [INFO] PluginManager:220 - loadIPPluginJar : add sai
2024-01-17 15:29:30,694 [INFO] IPUIPlugin:80 - create IPUIPlugin
2024-01-17 15:29:30,695 [INFO] PluginManager:220 - loadIPPluginJar : add tsc
2024-01-17 15:29:30,696 [INFO] IPUIPlugin:80 - create IPUIPlugin
2024-01-17 15:29:30,697 [INFO] PluginManager:220 - loadIPPluginJar : add tim
2024-01-17 15:29:30,699 [INFO] IPUIPlugin:80 - create IPUIPlugin
2024-01-17 15:29:30,700 [INFO] PluginManager:220 - loadIPPluginJar : add lorawan
2024-01-17 15:29:30,849 [INFO] IPUIPlugin:80 - create IPUIPlugin
2024-01-17 15:29:30,850 [INFO] PluginManager:220 - loadIPPluginJar : add freertos
2024-01-17 15:29:30,858 [INFO] IPUIPlugin:80 - create IPUIPlugin
2024-01-17 15:29:30,859 [INFO] PluginManager:220 - loadIPPluginJar : add opamp
2024-01-17 15:29:30,862 [INFO] IPUIPlugin:80 - create IPUIPlugin
2024-01-17 15:29:30,862 [INFO] PluginManager:220 - loadIPPluginJar : add ltdc
2024-01-17 15:29:30,886 [INFO] IPUIPlugin:80 - create IPUIPlugin
2024-01-17 15:29:30,886 [INFO] PluginManager:220 - loadIPPluginJar : add dma
2024-01-17 15:29:30,890 [INFO] IPUIPlugin:80 - create IPUIPlugin
2024-01-17 15:29:30,890 [INFO] PluginManager:220 - loadIPPluginJar : add can
2024-01-17 15:29:30,896 [INFO] IPUIPlugin:80 - create IPUIPlugin
2024-01-17 15:29:30,896 [INFO] PluginManager:220 - loadIPPluginJar : add gic
2024-01-17 15:29:30,898 [INFO] IPUIPlugin:80 - create IPUIPlugin
2024-01-17 15:29:30,898 [INFO] PluginManager:220 - loadIPPluginJar : add genericplugin
2024-01-17 15:29:30,903 [INFO] IPUIPlugin:80 - create IPUIPlugin
2024-01-17 15:29:30,904 [INFO] PluginManager:220 - loadIPPluginJar : add stm32_wpan
2024-01-17 15:29:30,908 [INFO] IPUIPlugin:80 - create IPUIPlugin
2024-01-17 15:29:30,908 [INFO] PluginManager:220 - loadIPPluginJar : add touchsensing
2024-01-17 15:29:30,910 [INFO] IPUIPlugin:80 - create IPUIPlugin
2024-01-17 15:29:30,911 [INFO] PluginManager:220 - loadIPPluginJar : add i3c
2024-01-17 15:29:31,025 [INFO] CADModel:165 - CPN selected for project level
2024-01-17 15:29:31,025 [INFO] CADModel:114 - Register for checkConnection events
2024-01-17 15:29:31,026 [FATAL] Updater:308 - Updater called before beeing initialized
2024-01-17 15:29:31,027 [ERROR] CADModel:125 - Updater not yet initialized, retry later 
2024-01-17 15:29:31,416 [INFO] CADModel:165 - CPN selected for project level
2024-01-17 15:29:31,416 [INFO] CADModel:114 - Register for checkConnection events
2024-01-17 15:29:31,416 [FATAL] Updater:308 - Updater called before beeing initialized
2024-01-17 15:29:31,416 [ERROR] CADModel:125 - Updater not yet initialized, retry later 
2024-01-17 15:29:31,419 [FATAL] Updater:308 - Updater called before beeing initialized
2024-01-17 15:29:31,502 [FATAL] Updater:308 - Updater called before beeing initialized
2024-01-17 15:29:31,518 [INFO] DbMcusAds:53 - JSON generation date=Wed Nov 29 16:22:27 IST 2023 (1701255147349)
2024-01-17 15:29:31,518 [FATAL] Updater:308 - Updater called before beeing initialized
2024-01-17 15:29:31,666 [WARN] DetailPanel:346 - Failed to get advertising image, set to default
2024-01-17 15:29:31,801 [FATAL] Updater:308 - Updater called before beeing initialized
2024-01-17 15:29:31,803 [FATAL] Updater:308 - Updater called before beeing initialized
2024-01-17 15:29:31,803 [FATAL] Updater:308 - Updater called before beeing initialized
2024-01-17 15:29:31,803 [WARN] DetailPanel:346 - Failed to get advertising image, set to default
2024-01-17 15:29:31,804 [FATAL] Updater:308 - Updater called before beeing initialized
2024-01-17 15:29:31,846 [ERROR] Updater:1120 - MainUpdater not yet initialized. External WinMGr cannot be set.
2024-01-17 15:29:31,861 [INFO] Updater:1056 - Updater Version found : 6.9.2
2024-01-17 15:29:31,879 [INFO] ApplicationProperties:184 - Using Application install path: /opt/st/stm32cubeide_1.13.2/plugins/com.st.stm32cube.common.mx_6.9.2.202309101412
2024-01-17 15:29:32,444 [INFO] MainUpdater:2868 - connection check result : 10
2024-01-17 15:29:32,445 [INFO] MainUpdater:285 - Updater Check For Update Now.
2024-01-17 15:29:32,445 [INFO] MicroXplorer:498 - Change Database Version : DB.6.0.92
2024-01-17 15:29:32,453 [INFO] McuFinderGlobals:63 - Set McuFinder mode to 2 (CubeIDE integrated)
2024-01-17 15:29:32,453 [INFO] UserAuth:179 - activating auth plugin
2024-01-17 15:29:32,457 [INFO] UserAuth:393 - Internet connection configuration mode: 1
2024-01-17 15:29:32,619 [WARN] MainUpdater:1189 - Updater busy. Cannot search thirdparties
2024-01-17 15:29:32,619 [INFO] ThirdPartyUpdaterWithRetryManager:96 - Updater plugin is busy. [1/15]
2024-01-17 15:29:32,668 [INFO] JxBrowserEngine:151 - Initiate JxBrowser Engine with user profile folder
2024-01-17 15:29:32,848 [INFO] CheckServerUpdateThread:120 - End of CheckServer Thread
2024-01-17 15:29:37,253 [WARN] PackLoader:240 - Cannot read IP mode file for STMicroelectronics.X-CUBE-SMBUS.2.1.0
2024-01-17 15:29:37,309 [WARN] PackLoader:240 - Cannot read IP mode file for STMicroelectronics.X-CUBE-TOUCHGFX.4.23.0
2024-01-17 15:29:37,408 [WARN] PackLoader:240 - Cannot read IP mode file for STMicroelectronics.X-CUBE-AZRTOS-F7.1.1.0
2024-01-17 15:29:37,451 [WARN] PackLoader:240 - Cannot read IP mode file for STMicroelectronics.FP-SNS-MOTENV1.4.3.2
2024-01-17 15:29:37,506 [WARN] PackLoader:240 - Cannot read IP mode file for STMicroelectronics.FP-SNS-FLIGHT1.5.0.2
2024-01-17 15:29:37,648 [WARN] PackLoader:240 - Cannot read IP mode file for STMicroelectronics.X-CUBE-DISPLAY.3.0.0
2024-01-17 15:29:37,732 [WARN] PackLoader:240 - Cannot read IP mode file for STMicroelectronics.X-CUBE-BLE1.7.0.0
2024-01-17 15:29:37,757 [WARN] PackLoader:240 - Cannot read IP mode file for emotas.I-CUBE-CANOPEN.1.3.0
2024-01-17 15:29:37,833 [WARN] PackLoader:240 - Cannot read IP mode file for STMicroelectronics.X-CUBE-TOUCHGFX.4.22.0
2024-01-17 15:29:37,854 [WARN] PackLoader:240 - Cannot read IP mode file for STMicroelectronics.X-CUBE-TOUCHGFX.4.22.1
2024-01-17 15:29:37,958 [INFO] LogOutputStream:77 - [STDOUT_REDIRECT] 1 : Invalid condition id : UX_CORESTACK_Condition cause : null
2024-01-17 15:29:37,959 [INFO] LogOutputStream:77 - [STDOUT_REDIRECT] 1 : Invalid condition id : UX_CORESTACK_Condition cause : null
2024-01-17 15:29:37,960 [INFO] LogOutputStream:77 - [STDOUT_REDIRECT] 1 : Invalid condition id : UX_CORESTACK_Condition cause : null
2024-01-17 15:29:37,960 [INFO] LogOutputStream:77 - [STDOUT_REDIRECT] 1 : Invalid condition id : UX_CORESTACK_Condition cause : null
2024-01-17 15:29:37,961 [INFO] LogOutputStream:77 - [STDOUT_REDIRECT] 1 : Invalid condition id : UX_CORESTACK_Condition cause : null
2024-01-17 15:29:37,971 [WARN] PackLoader:240 - Cannot read IP mode file for STMicroelectronics.X-CUBE-AZRTOS-WL.2.0.0
2024-01-17 15:29:37,984 [WARN] PackLoader:240 - Cannot read IP mode file for WES.I-CUBE-Cesium.1.3.0
2024-01-17 15:29:38,000 [WARN] PackLoader:240 - Cannot read IP mode file for STMicroelectronics.X-CUBE-BLE2.3.3.0
2024-01-17 15:29:38,045 [WARN] PackLoader:240 - Cannot read IP mode file for STMicroelectronics.X-CUBE-ALGOBUILD.1.3.0
2024-01-17 15:29:38,219 [WARN] PackLoader:240 - Cannot read IP mode file for STMicroelectronics.X-CUBE-AZRTOS-G0.1.1.0
2024-01-17 15:29:38,245 [WARN] PackLoader:240 - Cannot read IP mode file for STMicroelectronics.X-CUBE-NFC4.3.0.0
2024-01-17 15:29:38,292 [WARN] PackLoader:240 - Cannot read IP mode file for STMicroelectronics.FP-ATR-SIGFOX1.3.2.0
2024-01-17 15:29:38,439 [WARN] PackLoader:240 - Cannot read IP mode file for SEGGER.I-CUBE-embOS.1.3.1
2024-01-17 15:29:38,508 [WARN] PackLoader:240 - Cannot read IP mode file for STMicroelectronics.X-CUBE-GNSS1.6.0.0
2024-01-17 15:29:38,563 [WARN] PackLoader:240 - Cannot read IP mode file for STMicroelectronics.X-CUBE-AZRTOS-F4.1.1.0
2024-01-17 15:29:38,598 [WARN] PackLoader:240 - Cannot read IP mode file for wolfSSL.I-CUBE-wolfSSL.5.6.3
2024-01-17 15:29:38,678 [WARN] PackLoader:240 - Cannot read IP mode file for STMicroelectronics.X-CUBE-AZRTOS-L5.2.0.0
2024-01-17 15:29:38,776 [WARN] PackLoader:240 - Cannot read IP mode file for STMicroelectronics.X-CUBE-MEMS1.9.6.0
2024-01-17 15:29:38,991 [WARN] PackLoader:240 - Cannot read IP mode file for ITTIA_DB.I-CUBE-ITTIADB.8.8.0
2024-01-17 15:29:39,021 [WARN] PackLoader:240 - Cannot read IP mode file for STMicroelectronics.X-CUBE-BLEMGR.2.0.0
2024-01-17 15:29:39,094 [WARN] ConditionMgr:438 - getConditionDescription Invalid condition id : UX DEVICE CLASS RTOS Condition cause : null
2024-01-17 15:29:39,095 [WARN] ConditionMgr:438 - getConditionDescription Invalid condition id : UX DEVICE CLASS RTOS Condition cause : null
2024-01-17 15:29:39,098 [WARN] PackLoader:240 - Cannot read IP mode file for STMicroelectronics.X-CUBE-AZRTOS-H7.3.1.0
2024-01-17 15:29:39,100 [WARN] ConditionMgr:1039 - genDependencies : Invalid condition id : UX DEVICE CLASS RTOS Condition cause : null
2024-01-17 15:29:39,100 [WARN] ConditionMgr:1039 - genDependencies : Invalid condition id : UX DEVICE CLASS RTOS Condition cause : null
2024-01-17 15:29:39,101 [WARN] ConditionMgr:1039 - genDependencies : Invalid condition id : UX DEVICE CLASS RTOS Condition cause : null
2024-01-17 15:29:39,102 [WARN] ConditionMgr:1039 - genDependencies : Invalid condition id : UX DEVICE CLASS RTOS Condition cause : null
2024-01-17 15:29:39,102 [WARN] ConditionMgr:1039 - genDependencies : Invalid condition id : UX DEVICE CLASS RTOS Condition cause : null
2024-01-17 15:29:39,139 [WARN] PackLoader:240 - Cannot read IP mode file for STMicroelectronics.X-CUBE-NFC7.1.0.1
2024-01-17 15:29:39,149 [WARN] PackLoader:240 - Cannot read IP mode file for STMicroelectronics.X-CUBE-EEPRMA1.4.1.0
2024-01-17 15:29:39,180 [WARN] PackLoader:240 - Cannot read IP mode file for STMicroelectronics.X-CUBE-AI.8.1.0
2024-01-17 15:29:39,233 [WARN] ConditionMgr:438 - getConditionDescription Invalid condition id : LAN8742 Phy interface Condition cause : null
2024-01-17 15:29:39,234 [WARN] PackLoader:240 - Cannot read IP mode file for STMicroelectronics.X-CUBE-AZRTOS-L4.2.0.0
2024-01-17 15:29:39,235 [WARN] ConditionMgr:1039 - genDependencies : Invalid condition id : LAN8742 Phy interface Condition cause : null
2024-01-17 15:29:39,235 [WARN] ConditionMgr:1039 - genDependencies : Invalid condition id : LAN8742 Phy interface Condition cause : null
2024-01-17 15:29:39,236 [WARN] ConditionMgr:1039 - genDependencies : Invalid condition id : LAN8742 Phy interface Condition cause : null
2024-01-17 15:29:39,256 [WARN] PackLoader:240 - Cannot read IP mode file for STMicroelectronics.X-CUBE-SFXS2LP1.4.0.0
2024-01-17 15:29:39,298 [WARN] PackLoader:240 - Cannot read IP mode file for STMicroelectronics.X-CUBE-ISPU.1.1.0
2024-01-17 15:29:39,348 [WARN] ConditionMgr:438 - getConditionDescription Invalid condition id : UX DEVICE CLASS RTOS Condition cause : null
2024-01-17 15:29:39,348 [WARN] ConditionMgr:438 - getConditionDescription Invalid condition id : UX DEVICE CLASS RTOS Condition cause : null
2024-01-17 15:29:39,352 [WARN] PackLoader:240 - Cannot read IP mode file for STMicroelectronics.X-CUBE-AZRTOS-WB.2.0.0
2024-01-17 15:29:39,353 [WARN] ConditionMgr:1039 - genDependencies : Invalid condition id : UX DEVICE CLASS RTOS Condition cause : null
2024-01-17 15:29:39,353 [WARN] ConditionMgr:1039 - genDependencies : Invalid condition id : UX DEVICE CLASS RTOS Condition cause : null
2024-01-17 15:29:39,354 [WARN] ConditionMgr:1039 - genDependencies : Invalid condition id : UX DEVICE CLASS RTOS Condition cause : null
2024-01-17 15:29:39,354 [WARN] ConditionMgr:1039 - genDependencies : Invalid condition id : UX DEVICE CLASS RTOS Condition cause : null
2024-01-17 15:29:39,354 [WARN] ConditionMgr:1039 - genDependencies : Invalid condition id : UX DEVICE CLASS RTOS Condition cause : null
2024-01-17 15:29:39,393 [WARN] PackLoader:240 - Cannot read IP mode file for STMicroelectronics.X-CUBE-SUBG2.5.0.0
2024-01-17 15:29:39,462 [WARN] PackLoader:240 - Cannot read IP mode file for STMicroelectronics.X-CUBE-TOF1.3.3.1
2024-01-17 15:29:39,532 [WARN] PackLoader:240 - Cannot read IP mode file for STMicroelectronics.X-CUBE-AZRTOS-G4.2.0.0
2024-01-17 15:29:39,579 [WARN] PackLoader:240 - Cannot read IP mode file for Infineon.AIROC-Wi-Fi-Bluetooth-STM32.1.5.1
2024-01-17 15:29:39,602 [WARN] PackLoader:240 - Cannot read IP mode file for STMicroelectronics.FP-SNS-MOTENVWB1.1.3.1
2024-01-17 15:29:39,633 [WARN] PackLoader:240 - Cannot read IP mode file for STMicroelectronics.X-CUBE-ISPU.2.0.0
2024-01-17 15:29:39,725 [WARN] PackLoader:240 - Cannot read IP mode file for STMicroelectronics.X-CUBE-MEMS1.10.0.0
2024-01-17 15:29:39,902 [WARN] PackLoader:240 - Cannot read IP mode file for STMicroelectronics.X-CUBE-FREERTOS.1.1.0
2024-01-17 15:29:39,956 [WARN] PackLoader:240 - Cannot read IP mode file for portGmbH.I-Cube-SoM-uGOAL.1.1.0
2024-01-17 15:29:39,996 [WARN] PackLoader:240 - Cannot read IP mode file for STMicroelectronics.X-CUBE-ALS.1.0.1
2024-01-17 15:29:40,010 [WARN] PackLoader:240 - Cannot read IP mode file for STMicroelectronics.FP-ATR-ASTRA1.2.0.0
2024-01-17 15:29:40,081 [WARN] PackLoader:240 - Cannot read IP mode file for STMicroelectronics.X-CUBE-TOF1.3.4.0
2024-01-17 15:29:40,166 [WARN] PackLoader:240 - Cannot read IP mode file for STMicroelectronics.X-CUBE-AZRTOS-H7.3.2.0
2024-01-17 15:29:40,171 [INFO] ThirdParty:978 - Integrity check success = true
2024-01-17 15:29:40,171 [INFO] IntegrityCheckThread:100 - exiting critical section [integrity check]
2024-01-17 15:29:40,171 [INFO] IntegrityCheckThread:103 - End integrity checks thread
2024-01-17 15:29:54,253 [ERROR] LogOutputStream:75 - [STDERR_REDIRECT] 
