2024-01-16 14:19:56,015 [INFO] Activator:176 - 


2024-01-16 14:19:56,038 [INFO] Activator:177 - !SESSION log4j initialized
2024-01-16 14:20:08,280 [INFO] LogOutputStream:77 - [STDOUT_REDIRECT] 
2024-01-16 14:20:08,923 [ERROR] ConfigurationRetriever:142 - IOException on connection: sw-center.st.com
2024-01-16 14:20:08,925 [ERROR] ConfigurationRetriever:142 - IOException on connection: sw-center.st.com
2024-01-16 14:20:08,926 [ERROR] ConfigurationRetriever:142 - IOException on connection: sw-center.st.com
2024-01-16 14:20:08,930 [ERROR] ConfigurationRetriever:142 - IOException on connection: sw-center.st.com
2024-01-16 14:20:08,931 [ERROR] ConfigurationRetriever:142 - IOException on connection: sw-center.st.com
2024-01-16 14:20:08,932 [ERROR] ConfigurationRetriever:142 - IOException on connection: sw-center.st.com
2024-01-16 14:20:10,770 [INFO] ApplicationProperties:184 - Using Application install path: /opt/st/stm32cubeide_1.13.2/plugins/com.st.stm32cube.common.mx_6.9.2.202309101412
2024-01-16 14:20:10,865 [INFO] DbMcusXml:78 - Set database path to: /opt/st/stm32cubeide_1.13.2/plugins/com.st.stm32cube.common.mx_6.9.2.202309101412//db//mcu/
2024-01-16 14:20:10,866 [INFO] ApiDb:274 - Set plugin database path to: /opt/st/stm32cubeide_1.13.2/plugins/com.st.stm32cube.common.mx_6.9.2.202309101412//db//plugins/boardmanager/
2024-01-16 14:20:10,867 [WARN] ApiDb:259 - Overriding images path with different value:  => /opt/st/stm32cubeide_1.13.2/plugins/com.st.stm32cube.common.mx_6.9.2.202309101412//db//plugins/mcufinder/images/
2024-01-16 14:20:10,960 [INFO] ApiDb:250 - Set database path to: /home/surya/.stmcufinder/plugins/mcufinder//mcu/
2024-01-16 14:20:10,965 [INFO] DbMcusAds:125 - Set database path to: /home/surya/.stmcufinder/plugins/mcufinder//mcu/
2024-01-16 14:20:10,975 [INFO] CrossReferenceDbSqlite:203 - Set database path to: /home/surya/.stmcufinder/plugins/mcufinder//mcu/cs/
2024-01-16 14:20:11,329 [INFO] RulesReader:64 - Compatibility file has been processed (293 Rules)
2024-01-16 14:20:11,583 [INFO] DbMcusXml:78 - Set database path to: /opt/st/stm32cubeide_1.13.2/plugins/com.st.stm32cube.common.mx_6.9.2.202309101412//db//mcu/
2024-01-16 14:20:11,583 [INFO] ApiDb:274 - Set plugin database path to: /opt/st/stm32cubeide_1.13.2/plugins/com.st.stm32cube.common.mx_6.9.2.202309101412//db//plugins/boardmanager/
2024-01-16 14:20:11,584 [INFO] ApiDb:261 - Set plugin images path to: /opt/st/stm32cubeide_1.13.2/plugins/com.st.stm32cube.common.mx_6.9.2.202309101412//db//plugins/mcufinder/images/
2024-01-16 14:20:11,584 [WARN] DbFile:41 - Overriding database path with different value: /home/surya/.stmcufinder/plugins/mcufinder/ => /home/surya/.stmcufinder/plugins/mcufinder
2024-01-16 14:20:11,584 [INFO] ApiDb:250 - Set database path to: /home/surya/.stmcufinder/plugins/mcufinder//mcu/
2024-01-16 14:20:11,585 [WARN] DbFile:41 - Overriding database path with different value: /home/surya/.stmcufinder/plugins/mcufinder/ => /home/surya/.stmcufinder/plugins/mcufinder
2024-01-16 14:20:11,585 [INFO] DbMcusAds:125 - Set database path to: /home/surya/.stmcufinder/plugins/mcufinder//mcu/
2024-01-16 14:20:11,585 [WARN] DbFile:41 - Overriding database path with different value: /home/surya/.stmcufinder/plugins/mcufinder/ => /home/surya/.stmcufinder/plugins/mcufinder
2024-01-16 14:20:11,585 [WARN] DbFile:41 - Overriding database path with different value: /home/surya/.stmcufinder/plugins/mcufinder/ => /home/surya/.stmcufinder/plugins/mcufinder
2024-01-16 14:20:11,585 [INFO] CrossReferenceDbSqlite:203 - Set database path to: /home/surya/.stmcufinder/plugins/mcufinder//mcu/cs/
2024-01-16 14:20:11,752 [INFO] MainPanel:262 - HeapMemory: 268435456
2024-01-16 14:20:12,021 [INFO] DbMcusXml:78 - Set database path to: /opt/st/stm32cubeide_1.13.2/plugins/com.st.stm32cube.common.mx_6.9.2.202309101412//db//mcu/
2024-01-16 14:20:12,022 [INFO] ApiDb:274 - Set plugin database path to: /opt/st/stm32cubeide_1.13.2/plugins/com.st.stm32cube.common.mx_6.9.2.202309101412//db//plugins/boardmanager/
2024-01-16 14:20:12,022 [INFO] ApiDb:261 - Set plugin images path to: /opt/st/stm32cubeide_1.13.2/plugins/com.st.stm32cube.common.mx_6.9.2.202309101412//db//plugins/mcufinder/images/
2024-01-16 14:20:12,023 [WARN] DbFile:41 - Overriding database path with different value: /home/surya/.stmcufinder/plugins/mcufinder/ => /home/surya/.stmcufinder/plugins/mcufinder
2024-01-16 14:20:12,023 [INFO] ApiDb:250 - Set database path to: /home/surya/.stmcufinder/plugins/mcufinder//mcu/
2024-01-16 14:20:12,023 [WARN] DbFile:41 - Overriding database path with different value: /home/surya/.stmcufinder/plugins/mcufinder/ => /home/surya/.stmcufinder/plugins/mcufinder
2024-01-16 14:20:12,024 [INFO] DbMcusAds:125 - Set database path to: /home/surya/.stmcufinder/plugins/mcufinder//mcu/
2024-01-16 14:20:12,024 [WARN] DbFile:41 - Overriding database path with different value: /home/surya/.stmcufinder/plugins/mcufinder/ => /home/surya/.stmcufinder/plugins/mcufinder
2024-01-16 14:20:12,024 [WARN] DbFile:41 - Overriding database path with different value: /home/surya/.stmcufinder/plugins/mcufinder/ => /home/surya/.stmcufinder/plugins/mcufinder
2024-01-16 14:20:12,024 [INFO] CrossReferenceDbSqlite:203 - Set database path to: /home/surya/.stmcufinder/plugins/mcufinder//mcu/cs/
2024-01-16 14:20:12,049 [INFO] ApplicationProperties:184 - Using Application install path: /opt/st/stm32cubeide_1.13.2/plugins/com.st.stm32cube.common.mx_6.9.2.202309101412
2024-01-16 14:20:12,051 [INFO] PluginManage:196 - Search for loadable plugins [exclusion list=, ]
2024-01-16 14:20:12,058 [INFO] PluginManage:310 - Check plugin analytics
2024-01-16 14:20:12,639 [INFO] AnalyticsPlugin:253 - Accepted Software Licenses: 
2024-01-16 14:20:12,639 [INFO] AnalyticsPlugin:255 - Accepted CMSIS Pack Licenses: 
2024-01-16 14:20:12,639 [INFO] AnalyticsPlugin:257 - Accepted Firmware Licenses: FW.F4.1.27.0
2024-01-16 14:20:12,644 [INFO] PluginManage:359 - Loaded plugin analytics (category:tool,tabindex:-1)
2024-01-16 14:20:12,644 [INFO] PluginManage:310 - Check plugin cadmodel
2024-01-16 14:20:12,644 [ERROR] ConfigurationRetriever:142 - IOException on connection: sw-center.st.com
2024-01-16 14:20:12,646 [ERROR] ConfigurationRetriever:142 - IOException on connection: sw-center.st.com
2024-01-16 14:20:12,646 [ERROR] ConfigurationRetriever:142 - IOException on connection: sw-center.st.com
2024-01-16 14:20:12,960 [INFO] CADModel:105 - Init CAD model plugin
2024-01-16 14:20:12,960 [INFO] PluginManage:359 - Loaded plugin cadmodel (category:power,tabindex:5)
2024-01-16 14:20:12,960 [INFO] PluginManage:310 - Check plugin clock
2024-01-16 14:20:12,993 [INFO] PluginManage:359 - Loaded plugin clock (category:base,tabindex:2)
2024-01-16 14:20:12,993 [INFO] PluginManage:310 - Check plugin ddr
2024-01-16 14:20:13,036 [INFO] PluginManage:359 - Loaded plugin ddr (category:tool,tabindex:6)
2024-01-16 14:20:13,037 [INFO] PluginManage:310 - Check plugin filemanager
2024-01-16 14:20:13,443 [INFO] PluginManage:359 - Loaded plugin filemanager (category:base,tabindex:10)
2024-01-16 14:20:13,444 [INFO] PluginManage:310 - Check plugin ipmanager
2024-01-16 14:20:13,474 [INFO] PluginManage:359 - Loaded plugin ipmanager (category:base,tabindex:5)
2024-01-16 14:20:13,474 [INFO] PluginManage:310 - Check plugin lpbam
2024-01-16 14:20:13,530 [INFO] PluginManage:359 - Loaded plugin lpbam (category:base,tabindex:0)
2024-01-16 14:20:13,530 [INFO] PluginManage:310 - Check plugin memorymap
2024-01-16 14:20:13,586 [INFO] PluginManage:359 - Loaded plugin memorymap (category:base,tabindex:4)
2024-01-16 14:20:13,586 [INFO] PluginManage:310 - Check plugin pinoutandconfiguration
2024-01-16 14:20:13,597 [INFO] PluginManage:359 - Loaded plugin pinoutandconfiguration (category:base,tabindex:1)
2024-01-16 14:20:13,597 [INFO] PluginManage:310 - Check plugin pinoutconfig
2024-01-16 14:20:13,805 [WARN] SupportedApi:132 - Cannot load RTOS API schema: s4s-elt-must-match.1: The content of 'definitions' must match (annotation?, (simpleType | complexType)?, (unique | key | keyref)*)). A problem was found starting at: attribute.
2024-01-16 14:20:14,087 [INFO] PluginManage:359 - Loaded plugin pinoutconfig (category:base,tabindex:0)
2024-01-16 14:20:14,087 [INFO] PluginManage:310 - Check plugin power
2024-01-16 14:20:14,200 [INFO] PluginManage:359 - Loaded plugin power (category:power,tabindex:4)
2024-01-16 14:20:14,201 [INFO] PluginManage:310 - Check plugin projectmanager
2024-01-16 14:20:14,256 [INFO] PluginManage:359 - Loaded plugin projectmanager (category:projectmanager,tabindex:3)
2024-01-16 14:20:14,257 [INFO] PluginManage:310 - Check plugin thirdparty
2024-01-16 14:20:14,528 [INFO] PluginManage:359 - Loaded plugin thirdparty (category:base,tabindex:-1)
2024-01-16 14:20:14,528 [WARN] IntegrityCheckThread:84 - waiting for thirdparty lock release [integrity check]
2024-01-16 14:20:14,528 [INFO] PluginManage:310 - Check plugin tools
2024-01-16 14:20:14,528 [INFO] IntegrityCheckThread:86 - entering critical section [integrity check]
2024-01-16 14:20:14,529 [INFO] ThirdPartyUpdaterWithRetryManager:70 - Updater plugin not ready yet. [1/15]
2024-01-16 14:20:14,544 [INFO] PluginManage:359 - Loaded plugin tools (category:base,tabindex:7)
2024-01-16 14:20:14,545 [INFO] PluginManage:310 - Check plugin tutovideos
2024-01-16 14:20:14,945 [INFO] PluginManage:359 - Loaded plugin tutovideos (category:base,tabindex:-1)
2024-01-16 14:20:14,945 [INFO] PluginManage:310 - Check plugin updater
2024-01-16 14:20:15,001 [INFO] PluginManage:359 - Loaded plugin updater (category:base,tabindex:12)
2024-01-16 14:20:15,001 [INFO] PluginManage:310 - Check plugin userauth
2024-01-16 14:20:15,011 [INFO] UserAuth:113 - Init User Auth plugin
2024-01-16 14:20:15,012 [INFO] PluginManage:359 - Loaded plugin userauth (category:base,tabindex:14)
2024-01-16 14:20:15,013 [INFO] PluginManage:283 - PluginManage : Loaded plugins [17]
2024-01-16 14:20:15,521 [INFO] PinOutPanel:1499 - setPackage(No Configuration,No Configuration)
2024-01-16 14:20:15,730 [INFO] CADModel:165 - CPN selected for project level
2024-01-16 14:20:15,730 [INFO] CADModel:114 - Register for checkConnection events
2024-01-16 14:20:15,751 [INFO] IPUIPlugin:80 - create IPUIPlugin
2024-01-16 14:20:15,752 [INFO] PluginManager:220 - loadIPPluginJar : add openamp
2024-01-16 14:20:15,766 [INFO] IPUIPlugin:80 - create IPUIPlugin
2024-01-16 14:20:15,767 [INFO] PluginManager:220 - loadIPPluginJar : add gfxmmu
2024-01-16 14:20:15,770 [INFO] IPUIPlugin:80 - create IPUIPlugin
2024-01-16 14:20:15,771 [INFO] PluginManager:220 - loadIPPluginJar : add i2s
2024-01-16 14:20:15,780 [INFO] IPUIPlugin:80 - create IPUIPlugin
2024-01-16 14:20:15,781 [INFO] PluginManager:220 - loadIPPluginJar : add nvic
2024-01-16 14:20:15,795 [INFO] IPUIPlugin:80 - create IPUIPlugin
2024-01-16 14:20:15,796 [INFO] PluginManager:220 - loadIPPluginJar : add aes
2024-01-16 14:20:15,799 [INFO] IPUIPlugin:80 - create IPUIPlugin
2024-01-16 14:20:15,799 [INFO] PluginManager:220 - loadIPPluginJar : add dfsdm
2024-01-16 14:20:15,811 [INFO] IPUIPlugin:80 - create IPUIPlugin
2024-01-16 14:20:15,816 [INFO] PluginManager:220 - loadIPPluginJar : add plateformsettings
2024-01-16 14:20:15,827 [INFO] IPUIPlugin:80 - create IPUIPlugin
2024-01-16 14:20:15,827 [INFO] PluginManager:220 - loadIPPluginJar : add mdma
2024-01-16 14:20:15,838 [INFO] IPUIPlugin:80 - create IPUIPlugin
2024-01-16 14:20:15,838 [INFO] PluginManager:220 - loadIPPluginJar : add linkedlist
2024-01-16 14:20:15,843 [INFO] IPUIPlugin:80 - create IPUIPlugin
2024-01-16 14:20:15,844 [INFO] PluginManager:220 - loadIPPluginJar : add ipddr
2024-01-16 14:20:15,846 [INFO] IPUIPlugin:80 - create IPUIPlugin
2024-01-16 14:20:15,847 [INFO] PluginManager:220 - loadIPPluginJar : add comp
2024-01-16 14:20:15,849 [INFO] IPUIPlugin:80 - create IPUIPlugin
2024-01-16 14:20:15,850 [INFO] PluginManager:220 - loadIPPluginJar : add ucpd
2024-01-16 14:20:15,852 [INFO] IPUIPlugin:80 - create IPUIPlugin
2024-01-16 14:20:15,852 [INFO] PluginManager:220 - loadIPPluginJar : add fatfs
2024-01-16 14:20:15,878 [INFO] IPUIPlugin:80 - create IPUIPlugin
2024-01-16 14:20:15,878 [INFO] PluginManager:220 - loadIPPluginJar : add resmgrutility
2024-01-16 14:20:15,882 [INFO] IPUIPlugin:80 - create IPUIPlugin
2024-01-16 14:20:15,883 [INFO] PluginManager:220 - loadIPPluginJar : add gtzc
2024-01-16 14:20:15,886 [INFO] IPUIPlugin:80 - create IPUIPlugin
2024-01-16 14:20:15,886 [INFO] PluginManager:220 - loadIPPluginJar : add spi
2024-01-16 14:20:15,888 [INFO] IPUIPlugin:80 - create IPUIPlugin
2024-01-16 14:20:15,889 [INFO] PluginManager:220 - loadIPPluginJar : add quadspi
2024-01-16 14:20:15,893 [INFO] IPUIPlugin:80 - create IPUIPlugin
2024-01-16 14:20:15,893 [INFO] PluginManager:220 - loadIPPluginJar : add i2c
2024-01-16 14:20:15,898 [INFO] IPUIPlugin:80 - create IPUIPlugin
2024-01-16 14:20:15,898 [INFO] PluginManager:220 - loadIPPluginJar : add pdm2pcm
2024-01-16 14:20:15,902 [INFO] IPUIPlugin:80 - create IPUIPlugin
2024-01-16 14:20:15,902 [INFO] PluginManager:220 - loadIPPluginJar : add hash
2024-01-16 14:20:15,912 [INFO] IPUIPlugin:80 - create IPUIPlugin
2024-01-16 14:20:15,912 [INFO] PluginManager:220 - loadIPPluginJar : add adc
2024-01-16 14:20:15,917 [INFO] IPUIPlugin:80 - create IPUIPlugin
2024-01-16 14:20:15,917 [INFO] PluginManager:220 - loadIPPluginJar : add usbx
2024-01-16 14:20:15,920 [INFO] IPUIPlugin:80 - create IPUIPlugin
2024-01-16 14:20:15,921 [INFO] PluginManager:220 - loadIPPluginJar : add cryp
2024-01-16 14:20:15,928 [INFO] IPUIPlugin:80 - create IPUIPlugin
2024-01-16 14:20:15,929 [INFO] PluginManager:220 - loadIPPluginJar : add fmc
2024-01-16 14:20:15,933 [INFO] IPUIPlugin:80 - create IPUIPlugin
2024-01-16 14:20:15,933 [INFO] PluginManager:220 - loadIPPluginJar : add usart
2024-01-16 14:20:15,936 [INFO] IPUIPlugin:80 - create IPUIPlugin
2024-01-16 14:20:15,936 [INFO] PluginManager:220 - loadIPPluginJar : add tracer_emb
2024-01-16 14:20:15,943 [INFO] IPUIPlugin:80 - create IPUIPlugin
2024-01-16 14:20:15,944 [INFO] PluginManager:220 - loadIPPluginJar : add gpio
2024-01-16 14:20:15,948 [INFO] IPUIPlugin:80 - create IPUIPlugin
2024-01-16 14:20:15,948 [INFO] PluginManager:220 - loadIPPluginJar : add dma3
2024-01-16 14:20:15,950 [INFO] IPUIPlugin:80 - create IPUIPlugin
2024-01-16 14:20:15,951 [INFO] PluginManager:220 - loadIPPluginJar : add ts
2024-01-16 14:20:15,955 [INFO] IPUIPlugin:80 - create IPUIPlugin
2024-01-16 14:20:15,955 [INFO] PluginManager:220 - loadIPPluginJar : add sai
2024-01-16 14:20:15,958 [INFO] IPUIPlugin:80 - create IPUIPlugin
2024-01-16 14:20:15,958 [INFO] PluginManager:220 - loadIPPluginJar : add tsc
2024-01-16 14:20:15,961 [INFO] IPUIPlugin:80 - create IPUIPlugin
2024-01-16 14:20:15,962 [INFO] PluginManager:220 - loadIPPluginJar : add tim
2024-01-16 14:20:15,966 [INFO] IPUIPlugin:80 - create IPUIPlugin
2024-01-16 14:20:15,966 [INFO] PluginManager:220 - loadIPPluginJar : add lorawan
2024-01-16 14:20:16,000 [INFO] IPUIPlugin:80 - create IPUIPlugin
2024-01-16 14:20:16,001 [INFO] PluginManager:220 - loadIPPluginJar : add freertos
2024-01-16 14:20:16,005 [INFO] IPUIPlugin:80 - create IPUIPlugin
2024-01-16 14:20:16,006 [INFO] PluginManager:220 - loadIPPluginJar : add opamp
2024-01-16 14:20:16,008 [INFO] IPUIPlugin:80 - create IPUIPlugin
2024-01-16 14:20:16,008 [INFO] PluginManager:220 - loadIPPluginJar : add ltdc
2024-01-16 14:20:16,032 [INFO] IPUIPlugin:80 - create IPUIPlugin
2024-01-16 14:20:16,033 [INFO] PluginManager:220 - loadIPPluginJar : add dma
2024-01-16 14:20:16,037 [INFO] IPUIPlugin:80 - create IPUIPlugin
2024-01-16 14:20:16,037 [INFO] PluginManager:220 - loadIPPluginJar : add can
2024-01-16 14:20:16,046 [INFO] IPUIPlugin:80 - create IPUIPlugin
2024-01-16 14:20:16,046 [INFO] PluginManager:220 - loadIPPluginJar : add gic
2024-01-16 14:20:16,048 [INFO] IPUIPlugin:80 - create IPUIPlugin
2024-01-16 14:20:16,048 [INFO] PluginManager:220 - loadIPPluginJar : add genericplugin
2024-01-16 14:20:16,056 [INFO] IPUIPlugin:80 - create IPUIPlugin
2024-01-16 14:20:16,056 [INFO] PluginManager:220 - loadIPPluginJar : add stm32_wpan
2024-01-16 14:20:16,061 [INFO] IPUIPlugin:80 - create IPUIPlugin
2024-01-16 14:20:16,061 [INFO] PluginManager:220 - loadIPPluginJar : add touchsensing
2024-01-16 14:20:16,065 [INFO] IPUIPlugin:80 - create IPUIPlugin
2024-01-16 14:20:16,065 [INFO] PluginManager:220 - loadIPPluginJar : add i3c
2024-01-16 14:20:16,187 [INFO] CADModel:165 - CPN selected for project level
2024-01-16 14:20:16,188 [INFO] CADModel:114 - Register for checkConnection events
2024-01-16 14:20:16,188 [FATAL] Updater:308 - Updater called before beeing initialized
2024-01-16 14:20:16,188 [ERROR] CADModel:125 - Updater not yet initialized, retry later 
2024-01-16 14:20:16,469 [INFO] CADModel:165 - CPN selected for project level
2024-01-16 14:20:16,469 [INFO] CADModel:114 - Register for checkConnection events
2024-01-16 14:20:16,470 [FATAL] Updater:308 - Updater called before beeing initialized
2024-01-16 14:20:16,470 [ERROR] CADModel:125 - Updater not yet initialized, retry later 
2024-01-16 14:20:16,476 [FATAL] Updater:308 - Updater called before beeing initialized
2024-01-16 14:20:16,611 [FATAL] Updater:308 - Updater called before beeing initialized
2024-01-16 14:20:16,635 [INFO] DbMcusAds:53 - JSON generation date=Wed Nov 29 16:22:27 IST 2023 (1701255147349)
2024-01-16 14:20:16,635 [FATAL] Updater:308 - Updater called before beeing initialized
2024-01-16 14:20:16,745 [WARN] DetailPanel:346 - Failed to get advertising image, set to default
2024-01-16 14:20:17,011 [FATAL] Updater:308 - Updater called before beeing initialized
2024-01-16 14:20:17,013 [FATAL] Updater:308 - Updater called before beeing initialized
2024-01-16 14:20:17,014 [FATAL] Updater:308 - Updater called before beeing initialized
2024-01-16 14:20:17,014 [WARN] DetailPanel:346 - Failed to get advertising image, set to default
2024-01-16 14:20:17,015 [FATAL] Updater:308 - Updater called before beeing initialized
2024-01-16 14:20:17,092 [ERROR] Updater:1120 - MainUpdater not yet initialized. External WinMGr cannot be set.
2024-01-16 14:20:17,108 [INFO] Updater:1056 - Updater Version found : 6.9.2
2024-01-16 14:20:17,145 [INFO] ApplicationProperties:184 - Using Application install path: /opt/st/stm32cubeide_1.13.2/plugins/com.st.stm32cube.common.mx_6.9.2.202309101412
2024-01-16 14:20:17,530 [INFO] ThirdPartyUpdaterWithRetryManager:70 - Updater plugin not ready yet. [2/15]
2024-01-16 14:20:17,670 [ERROR] ServerAccessManage:1146 - Warning during Server Connection :  Unknown host sw-center.st.com
2024-01-16 14:20:17,677 [INFO] MainUpdater:2868 - connection check result : 22
2024-01-16 14:20:17,679 [INFO] MainUpdater:285 - Updater Check For Update Now.
2024-01-16 14:20:17,679 [INFO] MicroXplorer:498 - Change Database Version : DB.6.0.92
2024-01-16 14:20:17,689 [INFO] McuFinderGlobals:63 - Set McuFinder mode to 2 (CubeIDE integrated)
2024-01-16 14:20:17,689 [INFO] UserAuth:179 - activating auth plugin
2024-01-16 14:20:17,695 [INFO] UserAuth:393 - Internet connection configuration mode: 2
2024-01-16 14:20:18,042 [INFO] CheckServerUpdateThread:120 - End of CheckServer Thread
2024-01-16 14:20:20,907 [WARN] PackLoader:240 - Cannot read IP mode file for STMicroelectronics.X-CUBE-SMBUS.2.1.0
2024-01-16 14:20:20,927 [WARN] PackLoader:240 - Cannot read IP mode file for STMicroelectronics.X-CUBE-TOUCHGFX.4.23.0
2024-01-16 14:20:20,989 [WARN] PackLoader:240 - Cannot read IP mode file for STMicroelectronics.X-CUBE-AZRTOS-F7.1.1.0
2024-01-16 14:20:21,026 [WARN] PackLoader:240 - Cannot read IP mode file for STMicroelectronics.FP-SNS-MOTENV1.4.3.2
2024-01-16 14:20:21,059 [WARN] PackLoader:240 - Cannot read IP mode file for STMicroelectronics.FP-SNS-FLIGHT1.5.0.2
2024-01-16 14:20:21,088 [WARN] PackLoader:240 - Cannot read IP mode file for STMicroelectronics.X-CUBE-DISPLAY.3.0.0
2024-01-16 14:20:21,128 [WARN] PackLoader:240 - Cannot read IP mode file for STMicroelectronics.X-CUBE-BLE1.7.0.0
2024-01-16 14:20:21,144 [WARN] PackLoader:240 - Cannot read IP mode file for emotas.I-CUBE-CANOPEN.1.3.0
2024-01-16 14:20:21,148 [WARN] PackLoader:240 - Cannot read IP mode file for STMicroelectronics.X-CUBE-TOUCHGFX.4.22.0
2024-01-16 14:20:21,170 [WARN] PackLoader:240 - Cannot read IP mode file for STMicroelectronics.X-CUBE-TOUCHGFX.4.22.1
2024-01-16 14:20:21,205 [INFO] LogOutputStream:77 - [STDOUT_REDIRECT] 1 : Invalid condition id : UX_CORESTACK_Condition cause : null
2024-01-16 14:20:21,206 [INFO] LogOutputStream:77 - [STDOUT_REDIRECT] 1 : Invalid condition id : UX_CORESTACK_Condition cause : null
2024-01-16 14:20:21,206 [INFO] LogOutputStream:77 - [STDOUT_REDIRECT] 1 : Invalid condition id : UX_CORESTACK_Condition cause : null
2024-01-16 14:20:21,206 [INFO] LogOutputStream:77 - [STDOUT_REDIRECT] 1 : Invalid condition id : UX_CORESTACK_Condition cause : null
2024-01-16 14:20:21,207 [INFO] LogOutputStream:77 - [STDOUT_REDIRECT] 1 : Invalid condition id : UX_CORESTACK_Condition cause : null
2024-01-16 14:20:21,213 [WARN] PackLoader:240 - Cannot read IP mode file for STMicroelectronics.X-CUBE-AZRTOS-WL.2.0.0
2024-01-16 14:20:21,231 [WARN] PackLoader:240 - Cannot read IP mode file for WES.I-CUBE-Cesium.1.3.0
2024-01-16 14:20:21,237 [WARN] PackLoader:240 - Cannot read IP mode file for STMicroelectronics.X-CUBE-BLE2.3.3.0
2024-01-16 14:20:21,245 [WARN] PackLoader:240 - Cannot read IP mode file for STMicroelectronics.X-CUBE-ALGOBUILD.1.3.0
2024-01-16 14:20:21,285 [WARN] PackLoader:240 - Cannot read IP mode file for STMicroelectronics.X-CUBE-AZRTOS-G0.1.1.0
2024-01-16 14:20:21,308 [WARN] PackLoader:240 - Cannot read IP mode file for STMicroelectronics.X-CUBE-NFC4.3.0.0
2024-01-16 14:20:21,335 [WARN] PackLoader:240 - Cannot read IP mode file for STMicroelectronics.FP-ATR-SIGFOX1.3.2.0
2024-01-16 14:20:21,405 [WARN] PackLoader:240 - Cannot read IP mode file for SEGGER.I-CUBE-embOS.1.3.1
2024-01-16 14:20:21,508 [WARN] PackLoader:240 - Cannot read IP mode file for STMicroelectronics.X-CUBE-GNSS1.6.0.0
2024-01-16 14:20:21,578 [WARN] PackLoader:240 - Cannot read IP mode file for STMicroelectronics.X-CUBE-AZRTOS-F4.1.1.0
2024-01-16 14:20:21,607 [WARN] PackLoader:240 - Cannot read IP mode file for wolfSSL.I-CUBE-wolfSSL.5.6.3
2024-01-16 14:20:21,646 [WARN] PackLoader:240 - Cannot read IP mode file for STMicroelectronics.X-CUBE-AZRTOS-L5.2.0.0
2024-01-16 14:20:21,705 [WARN] PackLoader:240 - Cannot read IP mode file for STMicroelectronics.X-CUBE-MEMS1.9.6.0
2024-01-16 14:20:22,031 [WARN] PackLoader:240 - Cannot read IP mode file for ITTIA_DB.I-CUBE-ITTIADB.8.8.0
2024-01-16 14:20:22,070 [WARN] PackLoader:240 - Cannot read IP mode file for STMicroelectronics.X-CUBE-BLEMGR.2.0.0
2024-01-16 14:20:22,098 [WARN] ConditionMgr:438 - getConditionDescription Invalid condition id : UX DEVICE CLASS RTOS Condition cause : null
2024-01-16 14:20:22,099 [WARN] ConditionMgr:438 - getConditionDescription Invalid condition id : UX DEVICE CLASS RTOS Condition cause : null
2024-01-16 14:20:22,104 [WARN] PackLoader:240 - Cannot read IP mode file for STMicroelectronics.X-CUBE-AZRTOS-H7.3.1.0
2024-01-16 14:20:22,106 [WARN] ConditionMgr:1039 - genDependencies : Invalid condition id : UX DEVICE CLASS RTOS Condition cause : null
2024-01-16 14:20:22,106 [WARN] ConditionMgr:1039 - genDependencies : Invalid condition id : UX DEVICE CLASS RTOS Condition cause : null
2024-01-16 14:20:22,107 [WARN] ConditionMgr:1039 - genDependencies : Invalid condition id : UX DEVICE CLASS RTOS Condition cause : null
2024-01-16 14:20:22,107 [WARN] ConditionMgr:1039 - genDependencies : Invalid condition id : UX DEVICE CLASS RTOS Condition cause : null
2024-01-16 14:20:22,107 [WARN] ConditionMgr:1039 - genDependencies : Invalid condition id : UX DEVICE CLASS RTOS Condition cause : null
2024-01-16 14:20:22,135 [WARN] PackLoader:240 - Cannot read IP mode file for STMicroelectronics.X-CUBE-NFC7.1.0.1
2024-01-16 14:20:22,143 [WARN] PackLoader:240 - Cannot read IP mode file for STMicroelectronics.X-CUBE-EEPRMA1.4.1.0
2024-01-16 14:20:22,167 [WARN] PackLoader:240 - Cannot read IP mode file for STMicroelectronics.X-CUBE-AI.8.1.0
2024-01-16 14:20:22,208 [WARN] ConditionMgr:438 - getConditionDescription Invalid condition id : LAN8742 Phy interface Condition cause : null
2024-01-16 14:20:22,209 [WARN] PackLoader:240 - Cannot read IP mode file for STMicroelectronics.X-CUBE-AZRTOS-L4.2.0.0
2024-01-16 14:20:22,210 [WARN] ConditionMgr:1039 - genDependencies : Invalid condition id : LAN8742 Phy interface Condition cause : null
2024-01-16 14:20:22,211 [WARN] ConditionMgr:1039 - genDependencies : Invalid condition id : LAN8742 Phy interface Condition cause : null
2024-01-16 14:20:22,211 [WARN] ConditionMgr:1039 - genDependencies : Invalid condition id : LAN8742 Phy interface Condition cause : null
2024-01-16 14:20:22,241 [WARN] PackLoader:240 - Cannot read IP mode file for STMicroelectronics.X-CUBE-SFXS2LP1.4.0.0
2024-01-16 14:20:22,264 [WARN] PackLoader:240 - Cannot read IP mode file for STMicroelectronics.X-CUBE-ISPU.1.1.0
2024-01-16 14:20:22,307 [WARN] ConditionMgr:438 - getConditionDescription Invalid condition id : UX DEVICE CLASS RTOS Condition cause : null
2024-01-16 14:20:22,307 [WARN] ConditionMgr:438 - getConditionDescription Invalid condition id : UX DEVICE CLASS RTOS Condition cause : null
2024-01-16 14:20:22,311 [WARN] PackLoader:240 - Cannot read IP mode file for STMicroelectronics.X-CUBE-AZRTOS-WB.2.0.0
2024-01-16 14:20:22,311 [WARN] ConditionMgr:1039 - genDependencies : Invalid condition id : UX DEVICE CLASS RTOS Condition cause : null
2024-01-16 14:20:22,312 [WARN] ConditionMgr:1039 - genDependencies : Invalid condition id : UX DEVICE CLASS RTOS Condition cause : null
2024-01-16 14:20:22,312 [WARN] ConditionMgr:1039 - genDependencies : Invalid condition id : UX DEVICE CLASS RTOS Condition cause : null
2024-01-16 14:20:22,313 [WARN] ConditionMgr:1039 - genDependencies : Invalid condition id : UX DEVICE CLASS RTOS Condition cause : null
2024-01-16 14:20:22,313 [WARN] ConditionMgr:1039 - genDependencies : Invalid condition id : UX DEVICE CLASS RTOS Condition cause : null
2024-01-16 14:20:22,340 [WARN] PackLoader:240 - Cannot read IP mode file for STMicroelectronics.X-CUBE-SUBG2.5.0.0
2024-01-16 14:20:22,377 [WARN] PackLoader:240 - Cannot read IP mode file for STMicroelectronics.X-CUBE-TOF1.3.3.1
2024-01-16 14:20:22,419 [WARN] PackLoader:240 - Cannot read IP mode file for STMicroelectronics.X-CUBE-AZRTOS-G4.2.0.0
2024-01-16 14:20:22,446 [WARN] PackLoader:240 - Cannot read IP mode file for Infineon.AIROC-Wi-Fi-Bluetooth-STM32.1.5.1
2024-01-16 14:20:22,471 [WARN] PackLoader:240 - Cannot read IP mode file for STMicroelectronics.FP-SNS-MOTENVWB1.1.3.1
2024-01-16 14:20:22,488 [WARN] PackLoader:240 - Cannot read IP mode file for STMicroelectronics.X-CUBE-ISPU.2.0.0
2024-01-16 14:20:22,557 [WARN] PackLoader:240 - Cannot read IP mode file for STMicroelectronics.X-CUBE-MEMS1.10.0.0
2024-01-16 14:20:22,733 [WARN] PackLoader:240 - Cannot read IP mode file for STMicroelectronics.X-CUBE-FREERTOS.1.1.0
2024-01-16 14:20:22,858 [WARN] PackLoader:240 - Cannot read IP mode file for portGmbH.I-Cube-SoM-uGOAL.1.1.0
2024-01-16 14:20:22,889 [WARN] PackLoader:240 - Cannot read IP mode file for STMicroelectronics.X-CUBE-ALS.1.0.1
2024-01-16 14:20:22,894 [WARN] PackLoader:240 - Cannot read IP mode file for STMicroelectronics.FP-ATR-ASTRA1.2.0.0
2024-01-16 14:20:22,931 [WARN] PackLoader:240 - Cannot read IP mode file for STMicroelectronics.X-CUBE-TOF1.3.4.0
2024-01-16 14:20:23,003 [WARN] PackLoader:240 - Cannot read IP mode file for STMicroelectronics.X-CUBE-AZRTOS-H7.3.2.0
2024-01-16 14:20:23,009 [INFO] ThirdParty:978 - Integrity check success = true
2024-01-16 14:20:23,010 [INFO] IntegrityCheckThread:100 - exiting critical section [integrity check]
2024-01-16 14:20:23,010 [INFO] IntegrityCheckThread:103 - End integrity checks thread
2024-01-16 14:20:23,169 [ERROR] ConfigurationRetriever:142 - IOException on connection: sw-center.st.com
2024-01-16 14:20:23,171 [ERROR] ConfigurationRetriever:142 - IOException on connection: sw-center.st.com
2024-01-16 14:20:23,172 [ERROR] ConfigurationRetriever:142 - IOException on connection: sw-center.st.com
