2024-01-12 14:08:25,759 [INFO] Activator:176 - 


2024-01-12 14:08:25,763 [INFO] Activator:177 - !SESSION log4j initialized
2024-01-12 14:08:30,771 [INFO] LogOutputStream:77 - [STDOUT_REDIRECT] 
2024-01-12 14:08:33,395 [INFO] ApplicationProperties:184 - Using Application install path: /opt/st/stm32cubeide_1.13.2/plugins/com.st.stm32cube.common.mx_6.9.2.202309101412
2024-01-12 14:08:33,491 [INFO] DbMcusXml:78 - Set database path to: /opt/st/stm32cubeide_1.13.2/plugins/com.st.stm32cube.common.mx_6.9.2.202309101412//db//mcu/
2024-01-12 14:08:33,492 [INFO] ApiDb:274 - Set plugin database path to: /opt/st/stm32cubeide_1.13.2/plugins/com.st.stm32cube.common.mx_6.9.2.202309101412//db//plugins/boardmanager/
2024-01-12 14:08:33,493 [WARN] ApiDb:259 - Overriding images path with different value:  => /opt/st/stm32cubeide_1.13.2/plugins/com.st.stm32cube.common.mx_6.9.2.202309101412//db//plugins/mcufinder/images/
2024-01-12 14:08:33,714 [INFO] ApiDb:250 - Set database path to: /home/surya/.stmcufinder/plugins/mcufinder//mcu/
2024-01-12 14:08:33,717 [INFO] DbMcusAds:125 - Set database path to: /home/surya/.stmcufinder/plugins/mcufinder//mcu/
2024-01-12 14:08:33,725 [INFO] CrossReferenceDbSqlite:203 - Set database path to: /home/surya/.stmcufinder/plugins/mcufinder//mcu/cs/
2024-01-12 14:08:33,968 [INFO] RulesReader:64 - Compatibility file has been processed (293 Rules)
2024-01-12 14:08:34,172 [INFO] DbMcusXml:78 - Set database path to: /opt/st/stm32cubeide_1.13.2/plugins/com.st.stm32cube.common.mx_6.9.2.202309101412//db//mcu/
2024-01-12 14:08:34,172 [INFO] ApiDb:274 - Set plugin database path to: /opt/st/stm32cubeide_1.13.2/plugins/com.st.stm32cube.common.mx_6.9.2.202309101412//db//plugins/boardmanager/
2024-01-12 14:08:34,173 [INFO] ApiDb:261 - Set plugin images path to: /opt/st/stm32cubeide_1.13.2/plugins/com.st.stm32cube.common.mx_6.9.2.202309101412//db//plugins/mcufinder/images/
2024-01-12 14:08:34,173 [WARN] DbFile:41 - Overriding database path with different value: /home/surya/.stmcufinder/plugins/mcufinder/ => /home/surya/.stmcufinder/plugins/mcufinder
2024-01-12 14:08:34,173 [INFO] ApiDb:250 - Set database path to: /home/surya/.stmcufinder/plugins/mcufinder//mcu/
2024-01-12 14:08:34,173 [WARN] DbFile:41 - Overriding database path with different value: /home/surya/.stmcufinder/plugins/mcufinder/ => /home/surya/.stmcufinder/plugins/mcufinder
2024-01-12 14:08:34,174 [INFO] DbMcusAds:125 - Set database path to: /home/surya/.stmcufinder/plugins/mcufinder//mcu/
2024-01-12 14:08:34,174 [WARN] DbFile:41 - Overriding database path with different value: /home/surya/.stmcufinder/plugins/mcufinder/ => /home/surya/.stmcufinder/plugins/mcufinder
2024-01-12 14:08:34,174 [WARN] DbFile:41 - Overriding database path with different value: /home/surya/.stmcufinder/plugins/mcufinder/ => /home/surya/.stmcufinder/plugins/mcufinder
2024-01-12 14:08:34,174 [INFO] CrossReferenceDbSqlite:203 - Set database path to: /home/surya/.stmcufinder/plugins/mcufinder//mcu/cs/
2024-01-12 14:08:34,274 [INFO] MainPanel:262 - HeapMemory: 268435456
2024-01-12 14:08:34,491 [INFO] DbMcusXml:78 - Set database path to: /opt/st/stm32cubeide_1.13.2/plugins/com.st.stm32cube.common.mx_6.9.2.202309101412//db//mcu/
2024-01-12 14:08:34,492 [INFO] ApiDb:274 - Set plugin database path to: /opt/st/stm32cubeide_1.13.2/plugins/com.st.stm32cube.common.mx_6.9.2.202309101412//db//plugins/boardmanager/
2024-01-12 14:08:34,492 [INFO] ApiDb:261 - Set plugin images path to: /opt/st/stm32cubeide_1.13.2/plugins/com.st.stm32cube.common.mx_6.9.2.202309101412//db//plugins/mcufinder/images/
2024-01-12 14:08:34,506 [WARN] DbFile:41 - Overriding database path with different value: /home/surya/.stmcufinder/plugins/mcufinder/ => /home/surya/.stmcufinder/plugins/mcufinder
2024-01-12 14:08:34,507 [INFO] ApiDb:250 - Set database path to: /home/surya/.stmcufinder/plugins/mcufinder//mcu/
2024-01-12 14:08:34,507 [WARN] DbFile:41 - Overriding database path with different value: /home/surya/.stmcufinder/plugins/mcufinder/ => /home/surya/.stmcufinder/plugins/mcufinder
2024-01-12 14:08:34,507 [INFO] DbMcusAds:125 - Set database path to: /home/surya/.stmcufinder/plugins/mcufinder//mcu/
2024-01-12 14:08:34,507 [WARN] DbFile:41 - Overriding database path with different value: /home/surya/.stmcufinder/plugins/mcufinder/ => /home/surya/.stmcufinder/plugins/mcufinder
2024-01-12 14:08:34,507 [WARN] DbFile:41 - Overriding database path with different value: /home/surya/.stmcufinder/plugins/mcufinder/ => /home/surya/.stmcufinder/plugins/mcufinder
2024-01-12 14:08:34,507 [INFO] CrossReferenceDbSqlite:203 - Set database path to: /home/surya/.stmcufinder/plugins/mcufinder//mcu/cs/
2024-01-12 14:08:34,522 [INFO] ApplicationProperties:184 - Using Application install path: /opt/st/stm32cubeide_1.13.2/plugins/com.st.stm32cube.common.mx_6.9.2.202309101412
2024-01-12 14:08:34,524 [INFO] PluginManage:196 - Search for loadable plugins [exclusion list=, ]
2024-01-12 14:08:34,525 [INFO] PluginManage:310 - Check plugin analytics
2024-01-12 14:08:34,822 [INFO] AnalyticsPlugin:253 - Accepted Software Licenses: 
2024-01-12 14:08:34,823 [INFO] AnalyticsPlugin:255 - Accepted CMSIS Pack Licenses: 
2024-01-12 14:08:34,823 [INFO] AnalyticsPlugin:257 - Accepted Firmware Licenses: FW.F4.1.27.0
2024-01-12 14:08:34,825 [INFO] PluginManage:359 - Loaded plugin analytics (category:tool,tabindex:-1)
2024-01-12 14:08:34,826 [INFO] PluginManage:310 - Check plugin cadmodel
2024-01-12 14:08:34,928 [INFO] CADModel:105 - Init CAD model plugin
2024-01-12 14:08:34,928 [INFO] PluginManage:359 - Loaded plugin cadmodel (category:power,tabindex:5)
2024-01-12 14:08:34,928 [INFO] PluginManage:310 - Check plugin clock
2024-01-12 14:08:34,995 [INFO] PluginManage:359 - Loaded plugin clock (category:base,tabindex:2)
2024-01-12 14:08:34,995 [INFO] PluginManage:310 - Check plugin ddr
2024-01-12 14:08:35,011 [INFO] PluginManage:359 - Loaded plugin ddr (category:tool,tabindex:6)
2024-01-12 14:08:35,011 [INFO] PluginManage:310 - Check plugin filemanager
2024-01-12 14:08:35,372 [INFO] PluginManage:359 - Loaded plugin filemanager (category:base,tabindex:10)
2024-01-12 14:08:35,372 [INFO] PluginManage:310 - Check plugin ipmanager
2024-01-12 14:08:35,379 [INFO] PluginManage:359 - Loaded plugin ipmanager (category:base,tabindex:5)
2024-01-12 14:08:35,379 [INFO] PluginManage:310 - Check plugin lpbam
2024-01-12 14:08:35,388 [INFO] PluginManage:359 - Loaded plugin lpbam (category:base,tabindex:0)
2024-01-12 14:08:35,389 [INFO] PluginManage:310 - Check plugin memorymap
2024-01-12 14:08:35,441 [INFO] PluginManage:359 - Loaded plugin memorymap (category:base,tabindex:4)
2024-01-12 14:08:35,441 [INFO] PluginManage:310 - Check plugin pinoutandconfiguration
2024-01-12 14:08:35,449 [INFO] PluginManage:359 - Loaded plugin pinoutandconfiguration (category:base,tabindex:1)
2024-01-12 14:08:35,449 [INFO] PluginManage:310 - Check plugin pinoutconfig
2024-01-12 14:08:35,613 [WARN] SupportedApi:132 - Cannot load RTOS API schema: s4s-elt-must-match.1: The content of 'definitions' must match (annotation?, (simpleType | complexType)?, (unique | key | keyref)*)). A problem was found starting at: attribute.
2024-01-12 14:08:35,772 [INFO] PluginManage:359 - Loaded plugin pinoutconfig (category:base,tabindex:0)
2024-01-12 14:08:35,772 [INFO] PluginManage:310 - Check plugin power
2024-01-12 14:08:35,847 [INFO] PluginManage:359 - Loaded plugin power (category:power,tabindex:4)
2024-01-12 14:08:35,848 [INFO] PluginManage:310 - Check plugin projectmanager
2024-01-12 14:08:35,881 [INFO] PluginManage:359 - Loaded plugin projectmanager (category:projectmanager,tabindex:3)
2024-01-12 14:08:35,881 [INFO] PluginManage:310 - Check plugin thirdparty
2024-01-12 14:08:36,145 [INFO] PluginManage:359 - Loaded plugin thirdparty (category:base,tabindex:-1)
2024-01-12 14:08:36,145 [WARN] IntegrityCheckThread:84 - waiting for thirdparty lock release [integrity check]
2024-01-12 14:08:36,146 [INFO] PluginManage:310 - Check plugin tools
2024-01-12 14:08:36,146 [INFO] IntegrityCheckThread:86 - entering critical section [integrity check]
2024-01-12 14:08:36,146 [INFO] ThirdPartyUpdaterWithRetryManager:70 - Updater plugin not ready yet. [1/15]
2024-01-12 14:08:36,160 [INFO] PluginManage:359 - Loaded plugin tools (category:base,tabindex:7)
2024-01-12 14:08:36,161 [INFO] PluginManage:310 - Check plugin tutovideos
2024-01-12 14:08:36,448 [INFO] PluginManage:359 - Loaded plugin tutovideos (category:base,tabindex:-1)
2024-01-12 14:08:36,448 [INFO] PluginManage:310 - Check plugin updater
2024-01-12 14:08:36,488 [INFO] PluginManage:359 - Loaded plugin updater (category:base,tabindex:12)
2024-01-12 14:08:36,488 [INFO] PluginManage:310 - Check plugin userauth
2024-01-12 14:08:36,493 [INFO] UserAuth:113 - Init User Auth plugin
2024-01-12 14:08:36,493 [INFO] PluginManage:359 - Loaded plugin userauth (category:base,tabindex:14)
2024-01-12 14:08:36,493 [INFO] PluginManage:283 - PluginManage : Loaded plugins [17]
2024-01-12 14:08:36,727 [INFO] PinOutPanel:1499 - setPackage(No Configuration,No Configuration)
2024-01-12 14:08:36,828 [INFO] CADModel:165 - CPN selected for project level
2024-01-12 14:08:36,828 [INFO] CADModel:114 - Register for checkConnection events
2024-01-12 14:08:36,864 [INFO] IPUIPlugin:80 - create IPUIPlugin
2024-01-12 14:08:36,864 [INFO] PluginManager:220 - loadIPPluginJar : add openamp
2024-01-12 14:08:36,872 [INFO] IPUIPlugin:80 - create IPUIPlugin
2024-01-12 14:08:36,872 [INFO] PluginManager:220 - loadIPPluginJar : add gfxmmu
2024-01-12 14:08:36,874 [INFO] IPUIPlugin:80 - create IPUIPlugin
2024-01-12 14:08:36,874 [INFO] PluginManager:220 - loadIPPluginJar : add i2s
2024-01-12 14:08:36,878 [INFO] IPUIPlugin:80 - create IPUIPlugin
2024-01-12 14:08:36,878 [INFO] PluginManager:220 - loadIPPluginJar : add nvic
2024-01-12 14:08:36,889 [INFO] IPUIPlugin:80 - create IPUIPlugin
2024-01-12 14:08:36,889 [INFO] PluginManager:220 - loadIPPluginJar : add aes
2024-01-12 14:08:36,892 [INFO] IPUIPlugin:80 - create IPUIPlugin
2024-01-12 14:08:36,892 [INFO] PluginManager:220 - loadIPPluginJar : add dfsdm
2024-01-12 14:08:36,910 [INFO] IPUIPlugin:80 - create IPUIPlugin
2024-01-12 14:08:36,912 [INFO] PluginManager:220 - loadIPPluginJar : add plateformsettings
2024-01-12 14:08:36,918 [INFO] IPUIPlugin:80 - create IPUIPlugin
2024-01-12 14:08:36,918 [INFO] PluginManager:220 - loadIPPluginJar : add mdma
2024-01-12 14:08:36,924 [INFO] IPUIPlugin:80 - create IPUIPlugin
2024-01-12 14:08:36,924 [INFO] PluginManager:220 - loadIPPluginJar : add linkedlist
2024-01-12 14:08:36,927 [INFO] IPUIPlugin:80 - create IPUIPlugin
2024-01-12 14:08:36,927 [INFO] PluginManager:220 - loadIPPluginJar : add ipddr
2024-01-12 14:08:36,928 [INFO] IPUIPlugin:80 - create IPUIPlugin
2024-01-12 14:08:36,929 [INFO] PluginManager:220 - loadIPPluginJar : add comp
2024-01-12 14:08:36,930 [INFO] IPUIPlugin:80 - create IPUIPlugin
2024-01-12 14:08:36,930 [INFO] PluginManager:220 - loadIPPluginJar : add ucpd
2024-01-12 14:08:36,932 [INFO] IPUIPlugin:80 - create IPUIPlugin
2024-01-12 14:08:36,932 [INFO] PluginManager:220 - loadIPPluginJar : add fatfs
2024-01-12 14:08:36,949 [INFO] IPUIPlugin:80 - create IPUIPlugin
2024-01-12 14:08:36,949 [INFO] PluginManager:220 - loadIPPluginJar : add resmgrutility
2024-01-12 14:08:36,952 [INFO] IPUIPlugin:80 - create IPUIPlugin
2024-01-12 14:08:36,952 [INFO] PluginManager:220 - loadIPPluginJar : add gtzc
2024-01-12 14:08:36,954 [INFO] IPUIPlugin:80 - create IPUIPlugin
2024-01-12 14:08:36,954 [INFO] PluginManager:220 - loadIPPluginJar : add spi
2024-01-12 14:08:36,955 [INFO] IPUIPlugin:80 - create IPUIPlugin
2024-01-12 14:08:36,956 [INFO] PluginManager:220 - loadIPPluginJar : add quadspi
2024-01-12 14:08:36,958 [INFO] IPUIPlugin:80 - create IPUIPlugin
2024-01-12 14:08:36,958 [INFO] PluginManager:220 - loadIPPluginJar : add i2c
2024-01-12 14:08:36,960 [INFO] IPUIPlugin:80 - create IPUIPlugin
2024-01-12 14:08:36,960 [INFO] PluginManager:220 - loadIPPluginJar : add pdm2pcm
2024-01-12 14:08:36,962 [INFO] IPUIPlugin:80 - create IPUIPlugin
2024-01-12 14:08:36,962 [INFO] PluginManager:220 - loadIPPluginJar : add hash
2024-01-12 14:08:36,968 [INFO] IPUIPlugin:80 - create IPUIPlugin
2024-01-12 14:08:36,968 [INFO] PluginManager:220 - loadIPPluginJar : add adc
2024-01-12 14:08:36,970 [INFO] IPUIPlugin:80 - create IPUIPlugin
2024-01-12 14:08:36,970 [INFO] PluginManager:220 - loadIPPluginJar : add usbx
2024-01-12 14:08:36,973 [INFO] IPUIPlugin:80 - create IPUIPlugin
2024-01-12 14:08:36,973 [INFO] PluginManager:220 - loadIPPluginJar : add cryp
2024-01-12 14:08:36,977 [INFO] IPUIPlugin:80 - create IPUIPlugin
2024-01-12 14:08:36,977 [INFO] PluginManager:220 - loadIPPluginJar : add fmc
2024-01-12 14:08:36,979 [INFO] IPUIPlugin:80 - create IPUIPlugin
2024-01-12 14:08:36,979 [INFO] PluginManager:220 - loadIPPluginJar : add usart
2024-01-12 14:08:36,981 [INFO] IPUIPlugin:80 - create IPUIPlugin
2024-01-12 14:08:36,981 [INFO] PluginManager:220 - loadIPPluginJar : add tracer_emb
2024-01-12 14:08:36,985 [INFO] IPUIPlugin:80 - create IPUIPlugin
2024-01-12 14:08:36,985 [INFO] PluginManager:220 - loadIPPluginJar : add gpio
2024-01-12 14:08:36,987 [INFO] IPUIPlugin:80 - create IPUIPlugin
2024-01-12 14:08:36,988 [INFO] PluginManager:220 - loadIPPluginJar : add dma3
2024-01-12 14:08:36,989 [INFO] IPUIPlugin:80 - create IPUIPlugin
2024-01-12 14:08:36,989 [INFO] PluginManager:220 - loadIPPluginJar : add ts
2024-01-12 14:08:36,992 [INFO] IPUIPlugin:80 - create IPUIPlugin
2024-01-12 14:08:36,992 [INFO] PluginManager:220 - loadIPPluginJar : add sai
2024-01-12 14:08:36,994 [INFO] IPUIPlugin:80 - create IPUIPlugin
2024-01-12 14:08:36,994 [INFO] PluginManager:220 - loadIPPluginJar : add tsc
2024-01-12 14:08:36,995 [INFO] IPUIPlugin:80 - create IPUIPlugin
2024-01-12 14:08:36,995 [INFO] PluginManager:220 - loadIPPluginJar : add tim
2024-01-12 14:08:36,997 [INFO] IPUIPlugin:80 - create IPUIPlugin
2024-01-12 14:08:36,998 [INFO] PluginManager:220 - loadIPPluginJar : add lorawan
2024-01-12 14:08:37,002 [INFO] IPUIPlugin:80 - create IPUIPlugin
2024-01-12 14:08:37,003 [INFO] PluginManager:220 - loadIPPluginJar : add freertos
2024-01-12 14:08:37,005 [INFO] IPUIPlugin:80 - create IPUIPlugin
2024-01-12 14:08:37,005 [INFO] PluginManager:220 - loadIPPluginJar : add opamp
2024-01-12 14:08:37,006 [INFO] IPUIPlugin:80 - create IPUIPlugin
2024-01-12 14:08:37,006 [INFO] PluginManager:220 - loadIPPluginJar : add ltdc
2024-01-12 14:08:37,026 [INFO] IPUIPlugin:80 - create IPUIPlugin
2024-01-12 14:08:37,027 [INFO] PluginManager:220 - loadIPPluginJar : add dma
2024-01-12 14:08:37,029 [INFO] IPUIPlugin:80 - create IPUIPlugin
2024-01-12 14:08:37,029 [INFO] PluginManager:220 - loadIPPluginJar : add can
2024-01-12 14:08:37,033 [INFO] IPUIPlugin:80 - create IPUIPlugin
2024-01-12 14:08:37,033 [INFO] PluginManager:220 - loadIPPluginJar : add gic
2024-01-12 14:08:37,034 [INFO] IPUIPlugin:80 - create IPUIPlugin
2024-01-12 14:08:37,035 [INFO] PluginManager:220 - loadIPPluginJar : add genericplugin
2024-01-12 14:08:37,039 [INFO] IPUIPlugin:80 - create IPUIPlugin
2024-01-12 14:08:37,039 [INFO] PluginManager:220 - loadIPPluginJar : add stm32_wpan
2024-01-12 14:08:37,041 [INFO] IPUIPlugin:80 - create IPUIPlugin
2024-01-12 14:08:37,041 [INFO] PluginManager:220 - loadIPPluginJar : add touchsensing
2024-01-12 14:08:37,043 [INFO] IPUIPlugin:80 - create IPUIPlugin
2024-01-12 14:08:37,044 [INFO] PluginManager:220 - loadIPPluginJar : add i3c
2024-01-12 14:08:37,148 [INFO] CADModel:165 - CPN selected for project level
2024-01-12 14:08:37,148 [INFO] CADModel:114 - Register for checkConnection events
2024-01-12 14:08:37,149 [FATAL] Updater:308 - Updater called before beeing initialized
2024-01-12 14:08:37,150 [ERROR] CADModel:125 - Updater not yet initialized, retry later 
2024-01-12 14:08:37,327 [INFO] CADModel:165 - CPN selected for project level
2024-01-12 14:08:37,327 [INFO] CADModel:114 - Register for checkConnection events
2024-01-12 14:08:37,327 [FATAL] Updater:308 - Updater called before beeing initialized
2024-01-12 14:08:37,328 [ERROR] CADModel:125 - Updater not yet initialized, retry later 
2024-01-12 14:08:37,330 [FATAL] Updater:308 - Updater called before beeing initialized
2024-01-12 14:08:37,405 [FATAL] Updater:308 - Updater called before beeing initialized
2024-01-12 14:08:37,426 [INFO] DbMcusAds:53 - JSON generation date=Wed Nov 29 16:22:27 IST 2023 (1701255147349)
2024-01-12 14:08:37,427 [FATAL] Updater:308 - Updater called before beeing initialized
2024-01-12 14:08:37,527 [WARN] DetailPanel:346 - Failed to get advertising image, set to default
2024-01-12 14:08:37,619 [FATAL] Updater:308 - Updater called before beeing initialized
2024-01-12 14:08:37,620 [FATAL] Updater:308 - Updater called before beeing initialized
2024-01-12 14:08:37,620 [FATAL] Updater:308 - Updater called before beeing initialized
2024-01-12 14:08:37,620 [WARN] DetailPanel:346 - Failed to get advertising image, set to default
2024-01-12 14:08:37,621 [FATAL] Updater:308 - Updater called before beeing initialized
2024-01-12 14:08:37,656 [ERROR] Updater:1120 - MainUpdater not yet initialized. External WinMGr cannot be set.
2024-01-12 14:08:37,673 [INFO] Updater:1056 - Updater Version found : 6.9.2
2024-01-12 14:08:37,691 [INFO] ApplicationProperties:184 - Using Application install path: /opt/st/stm32cubeide_1.13.2/plugins/com.st.stm32cube.common.mx_6.9.2.202309101412
2024-01-12 14:08:38,570 [INFO] MainUpdater:2868 - connection check result : 10
2024-01-12 14:08:38,572 [INFO] MainUpdater:285 - Updater Check For Update Now.
2024-01-12 14:08:38,573 [INFO] MicroXplorer:498 - Change Database Version : DB.6.0.92
2024-01-12 14:08:38,587 [INFO] McuFinderGlobals:63 - Set McuFinder mode to 2 (CubeIDE integrated)
2024-01-12 14:08:38,587 [INFO] UserAuth:179 - activating auth plugin
2024-01-12 14:08:38,595 [INFO] UserAuth:393 - Internet connection configuration mode: 1
2024-01-12 14:08:38,814 [INFO] JxBrowserEngine:151 - Initiate JxBrowser Engine with user profile folder
2024-01-12 14:08:39,086 [INFO] CheckServerUpdateThread:120 - End of CheckServer Thread
2024-01-12 14:08:39,702 [WARN] PackLoader:240 - Cannot read IP mode file for STMicroelectronics.X-CUBE-SMBUS.2.1.0
2024-01-12 14:08:39,729 [WARN] PackLoader:240 - Cannot read IP mode file for STMicroelectronics.X-CUBE-TOUCHGFX.4.23.0
2024-01-12 14:08:39,802 [WARN] PackLoader:240 - Cannot read IP mode file for STMicroelectronics.X-CUBE-AZRTOS-F7.1.1.0
2024-01-12 14:08:39,838 [WARN] PackLoader:240 - Cannot read IP mode file for STMicroelectronics.FP-SNS-MOTENV1.4.3.2
2024-01-12 14:08:39,868 [WARN] PackLoader:240 - Cannot read IP mode file for STMicroelectronics.FP-SNS-FLIGHT1.5.0.2
2024-01-12 14:08:39,909 [WARN] PackLoader:240 - Cannot read IP mode file for STMicroelectronics.X-CUBE-DISPLAY.3.0.0
2024-01-12 14:08:39,952 [WARN] PackLoader:240 - Cannot read IP mode file for STMicroelectronics.X-CUBE-BLE1.7.0.0
2024-01-12 14:08:39,992 [WARN] PackLoader:240 - Cannot read IP mode file for emotas.I-CUBE-CANOPEN.1.3.0
2024-01-12 14:08:40,000 [WARN] PackLoader:240 - Cannot read IP mode file for STMicroelectronics.X-CUBE-TOUCHGFX.4.22.0
2024-01-12 14:08:40,013 [WARN] PackLoader:240 - Cannot read IP mode file for STMicroelectronics.X-CUBE-TOUCHGFX.4.22.1
2024-01-12 14:08:40,047 [INFO] LogOutputStream:77 - [STDOUT_REDIRECT] 1 : Invalid condition id : UX_CORESTACK_Condition cause : null
2024-01-12 14:08:40,047 [INFO] LogOutputStream:77 - [STDOUT_REDIRECT] 1 : Invalid condition id : UX_CORESTACK_Condition cause : null
2024-01-12 14:08:40,048 [INFO] LogOutputStream:77 - [STDOUT_REDIRECT] 1 : Invalid condition id : UX_CORESTACK_Condition cause : null
2024-01-12 14:08:40,048 [INFO] LogOutputStream:77 - [STDOUT_REDIRECT] 1 : Invalid condition id : UX_CORESTACK_Condition cause : null
2024-01-12 14:08:40,048 [INFO] LogOutputStream:77 - [STDOUT_REDIRECT] 1 : Invalid condition id : UX_CORESTACK_Condition cause : null
2024-01-12 14:08:40,057 [WARN] PackLoader:240 - Cannot read IP mode file for STMicroelectronics.X-CUBE-AZRTOS-WL.2.0.0
2024-01-12 14:08:40,068 [WARN] PackLoader:240 - Cannot read IP mode file for WES.I-CUBE-Cesium.1.3.0
2024-01-12 14:08:40,075 [WARN] PackLoader:240 - Cannot read IP mode file for STMicroelectronics.X-CUBE-BLE2.3.3.0
2024-01-12 14:08:40,097 [WARN] PackLoader:240 - Cannot read IP mode file for STMicroelectronics.X-CUBE-ALGOBUILD.1.3.0
2024-01-12 14:08:40,146 [WARN] PackLoader:240 - Cannot read IP mode file for STMicroelectronics.X-CUBE-AZRTOS-G0.1.1.0
2024-01-12 14:08:40,200 [WARN] PackLoader:240 - Cannot read IP mode file for STMicroelectronics.X-CUBE-NFC4.3.0.0
2024-01-12 14:08:40,212 [WARN] PackLoader:240 - Cannot read IP mode file for STMicroelectronics.FP-ATR-SIGFOX1.3.2.0
2024-01-12 14:08:40,360 [WARN] PackLoader:240 - Cannot read IP mode file for SEGGER.I-CUBE-embOS.1.3.1
2024-01-12 14:08:40,450 [WARN] PackLoader:240 - Cannot read IP mode file for STMicroelectronics.X-CUBE-GNSS1.6.0.0
2024-01-12 14:08:40,511 [WARN] PackLoader:240 - Cannot read IP mode file for STMicroelectronics.X-CUBE-AZRTOS-F4.1.1.0
2024-01-12 14:08:40,534 [WARN] PackLoader:240 - Cannot read IP mode file for wolfSSL.I-CUBE-wolfSSL.5.6.3
2024-01-12 14:08:40,617 [WARN] PackLoader:240 - Cannot read IP mode file for STMicroelectronics.X-CUBE-AZRTOS-L5.2.0.0
2024-01-12 14:08:40,734 [WARN] PackLoader:240 - Cannot read IP mode file for STMicroelectronics.X-CUBE-MEMS1.9.6.0
2024-01-12 14:08:40,878 [WARN] PackLoader:240 - Cannot read IP mode file for ITTIA_DB.I-CUBE-ITTIADB.8.8.0
2024-01-12 14:08:40,896 [WARN] PackLoader:240 - Cannot read IP mode file for STMicroelectronics.X-CUBE-BLEMGR.2.0.0
2024-01-12 14:08:41,000 [WARN] ConditionMgr:438 - getConditionDescription Invalid condition id : UX DEVICE CLASS RTOS Condition cause : null
2024-01-12 14:08:41,001 [WARN] ConditionMgr:438 - getConditionDescription Invalid condition id : UX DEVICE CLASS RTOS Condition cause : null
2024-01-12 14:08:41,006 [WARN] PackLoader:240 - Cannot read IP mode file for STMicroelectronics.X-CUBE-AZRTOS-H7.3.1.0
2024-01-12 14:08:41,008 [WARN] ConditionMgr:1039 - genDependencies : Invalid condition id : UX DEVICE CLASS RTOS Condition cause : null
2024-01-12 14:08:41,008 [WARN] ConditionMgr:1039 - genDependencies : Invalid condition id : UX DEVICE CLASS RTOS Condition cause : null
2024-01-12 14:08:41,010 [WARN] ConditionMgr:1039 - genDependencies : Invalid condition id : UX DEVICE CLASS RTOS Condition cause : null
2024-01-12 14:08:41,010 [WARN] ConditionMgr:1039 - genDependencies : Invalid condition id : UX DEVICE CLASS RTOS Condition cause : null
2024-01-12 14:08:41,011 [WARN] ConditionMgr:1039 - genDependencies : Invalid condition id : UX DEVICE CLASS RTOS Condition cause : null
2024-01-12 14:08:41,081 [WARN] PackLoader:240 - Cannot read IP mode file for STMicroelectronics.X-CUBE-NFC7.1.0.1
2024-01-12 14:08:41,096 [WARN] PackLoader:240 - Cannot read IP mode file for STMicroelectronics.X-CUBE-EEPRMA1.4.1.0
2024-01-12 14:08:41,100 [WARN] PackLoader:240 - Cannot read IP mode file for STMicroelectronics.X-CUBE-AI.8.1.0
2024-01-12 14:08:41,149 [WARN] ConditionMgr:438 - getConditionDescription Invalid condition id : LAN8742 Phy interface Condition cause : null
2024-01-12 14:08:41,150 [WARN] PackLoader:240 - Cannot read IP mode file for STMicroelectronics.X-CUBE-AZRTOS-L4.2.0.0
2024-01-12 14:08:41,152 [WARN] ConditionMgr:1039 - genDependencies : Invalid condition id : LAN8742 Phy interface Condition cause : null
2024-01-12 14:08:41,152 [WARN] ConditionMgr:1039 - genDependencies : Invalid condition id : LAN8742 Phy interface Condition cause : null
2024-01-12 14:08:41,153 [WARN] ConditionMgr:1039 - genDependencies : Invalid condition id : LAN8742 Phy interface Condition cause : null
2024-01-12 14:08:41,162 [WARN] PackLoader:240 - Cannot read IP mode file for STMicroelectronics.X-CUBE-SFXS2LP1.4.0.0
2024-01-12 14:08:41,190 [WARN] PackLoader:240 - Cannot read IP mode file for STMicroelectronics.X-CUBE-ISPU.1.1.0
2024-01-12 14:08:41,250 [WARN] ConditionMgr:438 - getConditionDescription Invalid condition id : UX DEVICE CLASS RTOS Condition cause : null
2024-01-12 14:08:41,250 [WARN] ConditionMgr:438 - getConditionDescription Invalid condition id : UX DEVICE CLASS RTOS Condition cause : null
2024-01-12 14:08:41,253 [WARN] PackLoader:240 - Cannot read IP mode file for STMicroelectronics.X-CUBE-AZRTOS-WB.2.0.0
2024-01-12 14:08:41,254 [WARN] ConditionMgr:1039 - genDependencies : Invalid condition id : UX DEVICE CLASS RTOS Condition cause : null
2024-01-12 14:08:41,254 [WARN] ConditionMgr:1039 - genDependencies : Invalid condition id : UX DEVICE CLASS RTOS Condition cause : null
2024-01-12 14:08:41,255 [WARN] ConditionMgr:1039 - genDependencies : Invalid condition id : UX DEVICE CLASS RTOS Condition cause : null
2024-01-12 14:08:41,255 [WARN] ConditionMgr:1039 - genDependencies : Invalid condition id : UX DEVICE CLASS RTOS Condition cause : null
2024-01-12 14:08:41,255 [WARN] ConditionMgr:1039 - genDependencies : Invalid condition id : UX DEVICE CLASS RTOS Condition cause : null
2024-01-12 14:08:41,284 [WARN] PackLoader:240 - Cannot read IP mode file for STMicroelectronics.X-CUBE-SUBG2.5.0.0
2024-01-12 14:08:41,385 [WARN] PackLoader:240 - Cannot read IP mode file for STMicroelectronics.X-CUBE-TOF1.3.3.1
2024-01-12 14:08:41,513 [WARN] PackLoader:240 - Cannot read IP mode file for STMicroelectronics.X-CUBE-AZRTOS-G4.2.0.0
2024-01-12 14:08:41,556 [WARN] PackLoader:240 - Cannot read IP mode file for Infineon.AIROC-Wi-Fi-Bluetooth-STM32.1.5.1
2024-01-12 14:08:41,576 [WARN] PackLoader:240 - Cannot read IP mode file for STMicroelectronics.FP-SNS-MOTENVWB1.1.3.1
2024-01-12 14:08:41,604 [WARN] PackLoader:240 - Cannot read IP mode file for STMicroelectronics.X-CUBE-ISPU.2.0.0
2024-01-12 14:08:41,687 [WARN] PackLoader:240 - Cannot read IP mode file for STMicroelectronics.X-CUBE-MEMS1.10.0.0
2024-01-12 14:08:41,778 [WARN] PackLoader:240 - Cannot read IP mode file for STMicroelectronics.X-CUBE-FREERTOS.1.1.0
2024-01-12 14:08:41,809 [WARN] PackLoader:240 - Cannot read IP mode file for portGmbH.I-Cube-SoM-uGOAL.1.1.0
2024-01-12 14:08:41,833 [WARN] PackLoader:240 - Cannot read IP mode file for STMicroelectronics.X-CUBE-ALS.1.0.1
2024-01-12 14:08:41,849 [WARN] PackLoader:240 - Cannot read IP mode file for STMicroelectronics.FP-ATR-ASTRA1.2.0.0
2024-01-12 14:08:41,904 [WARN] PackLoader:240 - Cannot read IP mode file for STMicroelectronics.X-CUBE-TOF1.3.4.0
2024-01-12 14:08:41,971 [WARN] PackLoader:240 - Cannot read IP mode file for STMicroelectronics.X-CUBE-AZRTOS-H7.3.2.0
2024-01-12 14:08:41,974 [INFO] ThirdParty:978 - Integrity check success = true
2024-01-12 14:08:41,974 [INFO] IntegrityCheckThread:100 - exiting critical section [integrity check]
2024-01-12 14:08:41,974 [INFO] IntegrityCheckThread:103 - End integrity checks thread
2024-01-12 14:08:56,920 [INFO] WebApp:157 - Instantiating new browser for Auth
2024-01-12 14:09:06,495 [INFO] WebApp:753 - Register for checkConnection events
2024-01-12 14:09:06,495 [INFO] WebApp:390 - Apply proxy settings
2024-01-12 14:09:06,496 [INFO] WebApp:475 - Chromium requires no authentication
2024-01-12 14:09:06,527 [INFO] WebApp:418 - Direct internet connection detected
2024-01-12 14:09:06,718 [INFO] WebApp:188 - Starting web application
2024-01-12 14:09:06,719 [INFO] WebApp:520 - Web application path used /opt/st/stm32cubeide_1.13.2/plugins/com.st.stm32cube.common.mx_6.9.2.202309101412/db/plugins/mcufinder/reactClient1/index.html
2024-01-12 14:09:28,568 [ERROR] LogOutputStream:75 - [STDERR_REDIRECT] SLF4J: Failed to load class "org.slf4j.impl.StaticLoggerBinder".
2024-01-12 14:09:28,569 [ERROR] LogOutputStream:75 - [STDERR_REDIRECT] SLF4J: Defaulting to no-operation (NOP) logger implementation
2024-01-12 14:09:28,569 [ERROR] LogOutputStream:75 - [STDERR_REDIRECT] SLF4J: See http://www.slf4j.org/codes.html#StaticLoggerBinder for further details.
2024-01-12 14:12:48,810 [ERROR] LogOutputStream:75 - [STDERR_REDIRECT] 
